[0519/104112:WARNING:dns_config_service_win.cc(665)] Failed to read DnsConfig.
[0519/104118:WARNING:dns_config_service_win.cc(665)] Failed to read DnsConfig.
[0519/104123:WARNING:dns_config_service_win.cc(665)] Failed to read DnsConfig.
[0519/104128:WARNING:dns_config_service_win.cc(665)] Failed to read DnsConfig.
[0519/104133:WARNING:dns_config_service_win.cc(665)] Failed to read DnsConfig.
[0519/104138:WARNING:dns_config_service_win.cc(665)] Failed to read DnsConfig.
[0519/104143:WARNING:dns_config_service_win.cc(665)] Failed to read DnsConfig.
[0519/104148:WARNING:dns_config_service_win.cc(665)] Failed to read DnsConfig.
[0519/104153:WARNING:dns_config_service_win.cc(665)] Failed to read DnsConfig.
[0519/104158:WARNING:dns_config_service_win.cc(665)] Failed to read DnsConfig.
[0519/104203:WARNING:dns_config_service_win.cc(665)] Failed to read DnsConfig.
[0519/104208:WARNING:dns_config_service_win.cc(665)] Failed to read DnsConfig.
[0519/104213:WARNING:dns_config_service_win.cc(665)] Failed to read DnsConfig.
[0519/104218:WARNING:dns_config_service_win.cc(665)] Failed to read DnsConfig.
[0519/104223:WARNING:dns_config_service_win.cc(665)] Failed to read DnsConfig.
[0519/104228:WARNING:dns_config_service_win.cc(665)] Failed to read DnsConfig.
[0519/104233:WARNING:dns_config_service_win.cc(665)] Failed to read DnsConfig.
[0519/104238:WARNING:dns_config_service_win.cc(665)] Failed to read DnsConfig.
[0519/104243:WARNING:dns_config_service_win.cc(665)] Failed to read DnsConfig.
[0519/104248:WARNING:dns_config_service_win.cc(665)] Failed to read DnsConfig.
[0519/104253:WARNING:dns_config_service_win.cc(665)] Failed to read DnsConfig.
[0519/104258:WARNING:dns_config_service_win.cc(665)] Failed to read DnsConfig.
[0519/104303:WARNING:dns_config_service_win.cc(665)] Failed to read DnsConfig.
[0519/104308:WARNING:dns_config_service_win.cc(665)] Failed to read DnsConfig.
[0519/104313:WARNING:dns_config_service_win.cc(665)] Failed to read DnsConfig.
[0519/104318:WARNING:dns_config_service_win.cc(665)] Failed to read DnsConfig.
[0519/104323:WARNING:dns_config_service_win.cc(665)] Failed to read DnsConfig.
[0519/104328:WARNING:dns_config_service_win.cc(665)] Failed to read DnsConfig.
[0519/104333:WARNING:dns_config_service_win.cc(665)] Failed to read DnsConfig.
[0519/104338:WARNING:dns_config_service_win.cc(665)] Failed to read DnsConfig.
[0519/104343:WARNING:dns_config_service_win.cc(665)] Failed to read DnsConfig.
[0519/104348:WARNING:dns_config_service_win.cc(665)] Failed to read DnsConfig.
[0519/104353:WARNING:dns_config_service_win.cc(665)] Failed to read DnsConfig.
[0519/104358:WARNING:dns_config_service_win.cc(665)] Failed to read DnsConfig.
[0519/104403:WARNING:dns_config_service_win.cc(665)] Failed to read DnsConfig.
[0519/104408:WARNING:dns_config_service_win.cc(665)] Failed to read DnsConfig.
[0519/104413:WARNING:dns_config_service_win.cc(665)] Failed to read DnsConfig.
[0519/104418:WARNING:dns_config_service_win.cc(665)] Failed to read DnsConfig.
[0519/104423:WARNING:dns_config_service_win.cc(665)] Failed to read DnsConfig.
[0519/104428:WARNING:dns_config_service_win.cc(665)] Failed to read DnsConfig.
[0519/104433:WARNING:dns_config_service_win.cc(665)] Failed to read DnsConfig.
[0519/104438:WARNING:dns_config_service_win.cc(665)] Failed to read DnsConfig.
[0519/104443:WARNING:dns_config_service_win.cc(665)] Failed to read DnsConfig.
[0519/104448:WARNING:dns_config_service_win.cc(665)] Failed to read DnsConfig.
[0519/104453:WARNING:dns_config_service_win.cc(665)] Failed to read DnsConfig.
[0519/104458:WARNING:dns_config_service_win.cc(665)] Failed to read DnsConfig.
[0519/104503:WARNING:dns_config_service_win.cc(665)] Failed to read DnsConfig.
[0519/104508:WARNING:dns_config_service_win.cc(665)] Failed to read DnsConfig.
[0519/104513:WARNING:dns_config_service_win.cc(665)] Failed to read DnsConfig.
[0519/104518:WARNING:dns_config_service_win.cc(665)] Failed to read DnsConfig.
[0519/104523:WARNING:dns_config_service_win.cc(665)] Failed to read DnsConfig.
[0519/104528:WARNING:dns_config_service_win.cc(665)] Failed to read DnsConfig.
[0519/104533:WARNING:dns_config_service_win.cc(665)] Failed to read DnsConfig.
[0519/104538:WARNING:dns_config_service_win.cc(665)] Failed to read DnsConfig.
[0519/104543:WARNING:dns_config_service_win.cc(665)] Failed to read DnsConfig.
[0519/104548:WARNING:dns_config_service_win.cc(665)] Failed to read DnsConfig.
[0519/104553:WARNING:dns_config_service_win.cc(665)] Failed to read DnsConfig.
[0519/104558:WARNING:dns_config_service_win.cc(665)] Failed to read DnsConfig.
[0519/104603:WARNING:dns_config_service_win.cc(665)] Failed to read DnsConfig.
[0519/104608:WARNING:dns_config_service_win.cc(665)] Failed to read DnsConfig.
[0519/104613:WARNING:dns_config_service_win.cc(665)] Failed to read DnsConfig.
[0519/104618:WARNING:dns_config_service_win.cc(665)] Failed to read DnsConfig.
[0519/104623:WARNING:dns_config_service_win.cc(665)] Failed to read DnsConfig.
[0519/104628:WARNING:dns_config_service_win.cc(665)] Failed to read DnsConfig.
[0519/104633:WARNING:dns_config_service_win.cc(665)] Failed to read DnsConfig.
[0519/104638:WARNING:dns_config_service_win.cc(665)] Failed to read DnsConfig.
[0519/104643:WARNING:dns_config_service_win.cc(665)] Failed to read DnsConfig.
[0519/104648:WARNING:dns_config_service_win.cc(665)] Failed to read DnsConfig.
[0519/104653:WARNING:dns_config_service_win.cc(665)] Failed to read DnsConfig.
[0519/104658:WARNING:dns_config_service_win.cc(665)] Failed to read DnsConfig.
[0519/104703:WARNING:dns_config_service_win.cc(665)] Failed to read DnsConfig.
[0519/104708:WARNING:dns_config_service_win.cc(665)] Failed to read DnsConfig.
[0519/104713:WARNING:dns_config_service_win.cc(665)] Failed to read DnsConfig.
[0519/104718:WARNING:dns_config_service_win.cc(665)] Failed to read DnsConfig.
[0519/104723:WARNING:dns_config_service_win.cc(665)] Failed to read DnsConfig.
[0519/104728:WARNING:dns_config_service_win.cc(665)] Failed to read DnsConfig.
[0519/104733:WARNING:dns_config_service_win.cc(665)] Failed to read DnsConfig.
[0519/104738:WARNING:dns_config_service_win.cc(665)] Failed to read DnsConfig.
[0519/104743:WARNING:dns_config_service_win.cc(665)] Failed to read DnsConfig.
[0519/104748:WARNING:dns_config_service_win.cc(665)] Failed to read DnsConfig.
[0519/104751:WARNING:dns_config_service_win.cc(665)] Failed to read DnsConfig.
[0519/104751:WARNING:dns_config_service_win.cc(665)] Failed to read DnsConfig.
[0519/104753:WARNING:dns_config_service_win.cc(665)] Failed to read DnsConfig.
[0519/104756:WARNING:dns_config_service_win.cc(665)] Failed to read DnsConfig.
[0519/104756:WARNING:dns_config_service_win.cc(665)] Failed to read DnsConfig.
[0519/104758:WARNING:dns_config_service_win.cc(665)] Failed to read DnsConfig.
[0519/104801:WARNING:dns_config_service_win.cc(665)] Failed to read DnsConfig.
[0519/104801:WARNING:dns_config_service_win.cc(665)] Failed to read DnsConfig.
[0519/104803:WARNING:dns_config_service_win.cc(665)] Failed to read DnsConfig.
[0519/104806:WARNING:dns_config_service_win.cc(665)] Failed to read DnsConfig.
[0519/104806:WARNING:dns_config_service_win.cc(665)] Failed to read DnsConfig.
[0519/104808:WARNING:dns_config_service_win.cc(665)] Failed to read DnsConfig.
[0519/104811:WARNING:dns_config_service_win.cc(665)] Failed to read DnsConfig.
[0519/104811:WARNING:dns_config_service_win.cc(665)] Failed to read DnsConfig.
[0519/104813:WARNING:dns_config_service_win.cc(665)] Failed to read DnsConfig.
[0519/104816:WARNING:dns_config_service_win.cc(665)] Failed to read DnsConfig.
[0519/104816:WARNING:dns_config_service_win.cc(665)] Failed to read DnsConfig.
[0519/104818:WARNING:dns_config_service_win.cc(665)] Failed to read DnsConfig.
[0519/104821:WARNING:dns_config_service_win.cc(665)] Failed to read DnsConfig.
[0519/104821:WARNING:dns_config_service_win.cc(665)] Failed to read DnsConfig.
[0519/104823:WARNING:dns_config_service_win.cc(665)] Failed to read DnsConfig.
[0519/104826:WARNING:dns_config_service_win.cc(665)] Failed to read DnsConfig.
[0519/104827:WARNING:dns_config_service_win.cc(665)] Failed to read DnsConfig.
[0519/104828:WARNING:dns_config_service_win.cc(665)] Failed to read DnsConfig.
[0519/104831:WARNING:dns_config_service_win.cc(665)] Failed to read DnsConfig.
[0519/104832:WARNING:dns_config_service_win.cc(665)] Failed to read DnsConfig.
[0519/104833:WARNING:dns_config_service_win.cc(665)] Failed to read DnsConfig.
[0519/104836:WARNING:dns_config_service_win.cc(665)] Failed to read DnsConfig.
[0519/104837:WARNING:dns_config_service_win.cc(665)] Failed to read DnsConfig.
[0519/104838:WARNING:dns_config_service_win.cc(665)] Failed to read DnsConfig.
[0519/104841:WARNING:dns_config_service_win.cc(665)] Failed to read DnsConfig.
[0519/104842:WARNING:dns_config_service_win.cc(665)] Failed to read DnsConfig.
[0519/104843:WARNING:dns_config_service_win.cc(665)] Failed to read DnsConfig.
[0519/104846:WARNING:dns_config_service_win.cc(665)] Failed to read DnsConfig.
[0519/104847:WARNING:dns_config_service_win.cc(665)] Failed to read DnsConfig.
[0519/104848:WARNING:dns_config_service_win.cc(665)] Failed to read DnsConfig.
[0519/104851:WARNING:dns_config_service_win.cc(665)] Failed to read DnsConfig.
[0519/104852:WARNING:dns_config_service_win.cc(665)] Failed to read DnsConfig.
[0519/104853:WARNING:dns_config_service_win.cc(665)] Failed to read DnsConfig.
[0519/104856:WARNING:dns_config_service_win.cc(665)] Failed to read DnsConfig.
[0519/104857:WARNING:dns_config_service_win.cc(665)] Failed to read DnsConfig.
[0519/104858:WARNING:dns_config_service_win.cc(665)] Failed to read DnsConfig.
[0519/104901:WARNING:dns_config_service_win.cc(665)] Failed to read DnsConfig.
[0519/104902:WARNING:dns_config_service_win.cc(665)] Failed to read DnsConfig.
[0519/104903:WARNING:dns_config_service_win.cc(665)] Failed to read DnsConfig.
[0519/104906:WARNING:dns_config_service_win.cc(665)] Failed to read DnsConfig.
[0519/104907:WARNING:dns_config_service_win.cc(665)] Failed to read DnsConfig.
[0519/104908:WARNING:dns_config_service_win.cc(665)] Failed to read DnsConfig.
[0519/104911:WARNING:dns_config_service_win.cc(665)] Failed to read DnsConfig.
[0519/104912:WARNING:dns_config_service_win.cc(665)] Failed to read DnsConfig.
[0519/104913:WARNING:dns_config_service_win.cc(665)] Failed to read DnsConfig.
[0519/104916:WARNING:dns_config_service_win.cc(665)] Failed to read DnsConfig.
[0519/104917:WARNING:dns_config_service_win.cc(665)] Failed to read DnsConfig.
[0519/104918:WARNING:dns_config_service_win.cc(665)] Failed to read DnsConfig.
[0519/104921:WARNING:dns_config_service_win.cc(665)] Failed to read DnsConfig.
[0519/104922:WARNING:dns_config_service_win.cc(665)] Failed to read DnsConfig.
[0519/104923:WARNING:dns_config_service_win.cc(665)] Failed to read DnsConfig.
[0519/104926:WARNING:dns_config_service_win.cc(665)] Failed to read DnsConfig.
[0519/104927:WARNING:dns_config_service_win.cc(665)] Failed to read DnsConfig.
[0519/104928:WARNING:dns_config_service_win.cc(665)] Failed to read DnsConfig.
[0519/104931:WARNING:dns_config_service_win.cc(665)] Failed to read DnsConfig.
[0519/104932:WARNING:dns_config_service_win.cc(665)] Failed to read DnsConfig.
[0519/104933:WARNING:dns_config_service_win.cc(665)] Failed to read DnsConfig.
[0519/104936:WARNING:dns_config_service_win.cc(665)] Failed to read DnsConfig.
[0519/104937:WARNING:dns_config_service_win.cc(665)] Failed to read DnsConfig.
[0519/104938:WARNING:dns_config_service_win.cc(665)] Failed to read DnsConfig.
[0519/104941:WARNING:dns_config_service_win.cc(665)] Failed to read DnsConfig.
[0519/104942:WARNING:dns_config_service_win.cc(665)] Failed to read DnsConfig.
[0519/104943:WARNING:dns_config_service_win.cc(665)] Failed to read DnsConfig.
[0519/104946:WARNING:dns_config_service_win.cc(665)] Failed to read DnsConfig.
[0519/104947:WARNING:dns_config_service_win.cc(665)] Failed to read DnsConfig.
[0519/104948:WARNING:dns_config_service_win.cc(665)] Failed to read DnsConfig.
[0519/104951:WARNING:dns_config_service_win.cc(665)] Failed to read DnsConfig.
[0519/104952:WARNING:dns_config_service_win.cc(665)] Failed to read DnsConfig.
[0519/104953:WARNING:dns_config_service_win.cc(665)] Failed to read DnsConfig.
[0519/104956:WARNING:dns_config_service_win.cc(665)] Failed to read DnsConfig.
[0519/104957:WARNING:dns_config_service_win.cc(665)] Failed to read DnsConfig.
[0519/104958:WARNING:dns_config_service_win.cc(665)] Failed to read DnsConfig.
[0519/105001:WARNING:dns_config_service_win.cc(665)] Failed to read DnsConfig.
[0519/105002:WARNING:dns_config_service_win.cc(665)] Failed to read DnsConfig.
[0519/105003:WARNING:dns_config_service_win.cc(665)] Failed to read DnsConfig.
[0519/105006:WARNING:dns_config_service_win.cc(665)] Failed to read DnsConfig.
[0519/105007:WARNING:dns_config_service_win.cc(665)] Failed to read DnsConfig.
[0519/105008:WARNING:dns_config_service_win.cc(665)] Failed to read DnsConfig.
[0519/105011:WARNING:dns_config_service_win.cc(665)] Failed to read DnsConfig.
[0519/105012:WARNING:dns_config_service_win.cc(665)] Failed to read DnsConfig.
[0519/105013:WARNING:dns_config_service_win.cc(665)] Failed to read DnsConfig.
[0519/105016:WARNING:dns_config_service_win.cc(665)] Failed to read DnsConfig.
[0519/105017:WARNING:dns_config_service_win.cc(665)] Failed to read DnsConfig.
[0519/105018:WARNING:dns_config_service_win.cc(665)] Failed to read DnsConfig.
[0519/105021:WARNING:dns_config_service_win.cc(665)] Failed to read DnsConfig.
[0519/105022:WARNING:dns_config_service_win.cc(665)] Failed to read DnsConfig.
[0519/105023:WARNING:dns_config_service_win.cc(665)] Failed to read DnsConfig.
[0519/105026:WARNING:dns_config_service_win.cc(665)] Failed to read DnsConfig.
[0519/105027:WARNING:dns_config_service_win.cc(665)] Failed to read DnsConfig.
[0519/105028:WARNING:dns_config_service_win.cc(665)] Failed to read DnsConfig.
[0519/105031:WARNING:dns_config_service_win.cc(665)] Failed to read DnsConfig.
[0519/105032:WARNING:dns_config_service_win.cc(665)] Failed to read DnsConfig.
[0519/105033:WARNING:dns_config_service_win.cc(665)] Failed to read DnsConfig.
[0519/105036:WARNING:dns_config_service_win.cc(665)] Failed to read DnsConfig.
[0519/105037:WARNING:dns_config_service_win.cc(665)] Failed to read DnsConfig.
[0519/105038:WARNING:dns_config_service_win.cc(665)] Failed to read DnsConfig.
[0519/105041:WARNING:dns_config_service_win.cc(665)] Failed to read DnsConfig.
[0519/105042:WARNING:dns_config_service_win.cc(665)] Failed to read DnsConfig.
[0519/105043:WARNING:dns_config_service_win.cc(665)] Failed to read DnsConfig.
[0519/105046:WARNING:dns_config_service_win.cc(665)] Failed to read DnsConfig.
[0519/105047:WARNING:dns_config_service_win.cc(665)] Failed to read DnsConfig.
[0519/105048:WARNING:dns_config_service_win.cc(665)] Failed to read DnsConfig.
[0519/105051:WARNING:dns_config_service_win.cc(665)] Failed to read DnsConfig.
[0519/105052:WARNING:dns_config_service_win.cc(665)] Failed to read DnsConfig.
[0519/105053:WARNING:dns_config_service_win.cc(665)] Failed to read DnsConfig.
[0519/105056:WARNING:dns_config_service_win.cc(665)] Failed to read DnsConfig.
[0519/105057:WARNING:dns_config_service_win.cc(665)] Failed to read DnsConfig.
[0519/105058:WARNING:dns_config_service_win.cc(665)] Failed to read DnsConfig.
[0519/105101:WARNING:dns_config_service_win.cc(665)] Failed to read DnsConfig.
[0519/105102:WARNING:dns_config_service_win.cc(665)] Failed to read DnsConfig.
[0519/105103:WARNING:dns_config_service_win.cc(665)] Failed to read DnsConfig.
[0519/105106:WARNING:dns_config_service_win.cc(665)] Failed to read DnsConfig.
[0519/105107:WARNING:dns_config_service_win.cc(665)] Failed to read DnsConfig.
[0519/105108:WARNING:dns_config_service_win.cc(665)] Failed to read DnsConfig.
[0519/105111:WARNING:dns_config_service_win.cc(665)] Failed to read DnsConfig.
[0519/105112:WARNING:dns_config_service_win.cc(665)] Failed to read DnsConfig.
[0519/105113:WARNING:dns_config_service_win.cc(665)] Failed to read DnsConfig.
[0519/105116:WARNING:dns_config_service_win.cc(665)] Failed to read DnsConfig.
[0519/105117:WARNING:dns_config_service_win.cc(665)] Failed to read DnsConfig.
[0519/105118:WARNING:dns_config_service_win.cc(665)] Failed to read DnsConfig.
[0519/105121:WARNING:dns_config_service_win.cc(665)] Failed to read DnsConfig.
[0519/105122:WARNING:dns_config_service_win.cc(665)] Failed to read DnsConfig.
[0519/105123:WARNING:dns_config_service_win.cc(665)] Failed to read DnsConfig.
[0519/105126:WARNING:dns_config_service_win.cc(665)] Failed to read DnsConfig.
[0519/105127:WARNING:dns_config_service_win.cc(665)] Failed to read DnsConfig.
[0519/105128:WARNING:dns_config_service_win.cc(665)] Failed to read DnsConfig.
[0519/105131:WARNING:dns_config_service_win.cc(665)] Failed to read DnsConfig.
[0519/105132:WARNING:dns_config_service_win.cc(665)] Failed to read DnsConfig.
[0519/105133:WARNING:dns_config_service_win.cc(665)] Failed to read DnsConfig.
[0519/105136:WARNING:dns_config_service_win.cc(665)] Failed to read DnsConfig.
[0519/105137:WARNING:dns_config_service_win.cc(665)] Failed to read DnsConfig.
[0519/105138:WARNING:dns_config_service_win.cc(665)] Failed to read DnsConfig.
[0519/105141:WARNING:dns_config_service_win.cc(665)] Failed to read DnsConfig.
[0519/105142:WARNING:dns_config_service_win.cc(665)] Failed to read DnsConfig.
[0519/105143:WARNING:dns_config_service_win.cc(665)] Failed to read DnsConfig.
[0519/105146:WARNING:dns_config_service_win.cc(665)] Failed to read DnsConfig.
[0519/105147:WARNING:dns_config_service_win.cc(665)] Failed to read DnsConfig.
[0519/105148:WARNING:dns_config_service_win.cc(665)] Failed to read DnsConfig.
[0519/105149:WARNING:dns_config_service_win.cc(665)] Failed to read DnsConfig.
[0519/105150:WARNING:dns_config_service_win.cc(665)] Failed to read DnsConfig.
[0519/105150:WARNING:dns_config_service_win.cc(665)] Failed to read DnsConfig.
[0519/105150:WARNING:dns_config_service_win.cc(665)] Failed to read DnsConfig.
[0519/105150:WARNING:dns_config_service_win.cc(665)] Failed to read DnsConfig.
[0519/105151:WARNING:dns_config_service_win.cc(665)] Failed to read DnsConfig.
[0519/105151:WARNING:dns_config_service_win.cc(665)] Failed to read DnsConfig.
[0519/105152:WARNING:dns_config_service_win.cc(665)] Failed to read DnsConfig.
[0519/105153:WARNING:dns_config_service_win.cc(665)] Failed to read DnsConfig.
[0519/105154:WARNING:dns_config_service_win.cc(665)] Failed to read DnsConfig.
[0519/105154:WARNING:dns_config_service_win.cc(665)] Failed to read DnsConfig.
[0519/105154:WARNING:dns_config_service_win.cc(665)] Failed to read DnsConfig.
[0519/105155:WARNING:dns_config_service_win.cc(665)] Failed to read DnsConfig.
[0519/105317:ERROR:browser_gpu_channel_host_factory.cc(119)] Failed to launch GPU process.
[0519/105816:INFO:CONSOLE(0)] "Unrecognized Content-Security-Policy directive 'prefetch-src'.
", source: https://www.altium.com/ad-start (0)
[0519/105816:INFO:CONSOLE(0)] "The source list for Content Security Policy directive 'script-src' contains an invalid source: ''report-sample''. It will be ignored.", source: https://www.altium.com/ad-start (0)
[0519/105816:INFO:CONSOLE(0)] "Unrecognized Content-Security-Policy directive 'worker-src'.
", source: https://www.altium.com/ad-start (0)
[0519/115428:INFO:CONSOLE(0)] "Unrecognized Content-Security-Policy directive 'prefetch-src'.
", source: https://www.altium.com/ad-start (0)
[0519/115428:INFO:CONSOLE(0)] "The source list for Content Security Policy directive 'script-src' contains an invalid source: ''report-sample''. It will be ignored.", source: https://www.altium.com/ad-start (0)
[0519/115428:INFO:CONSOLE(0)] "Unrecognized Content-Security-Policy directive 'worker-src'.
", source: https://www.altium.com/ad-start (0)
[0519/160005:WARNING:dns_config_service_win.cc(665)] Failed to read DnsConfig.
[0519/160037:WARNING:dns_config_service_win.cc(665)] Failed to read DnsConfig.
[0519/160037:WARNING:dns_config_service_win.cc(665)] Failed to read DnsConfig.
[0519/160042:WARNING:dns_config_service_win.cc(665)] Failed to read DnsConfig.
[0519/160042:WARNING:dns_config_service_win.cc(665)] Failed to read DnsConfig.
[0519/160047:WARNING:dns_config_service_win.cc(665)] Failed to read DnsConfig.
[0519/160047:WARNING:dns_config_service_win.cc(665)] Failed to read DnsConfig.
[0519/160052:WARNING:dns_config_service_win.cc(665)] Failed to read DnsConfig.
[0519/160052:WARNING:dns_config_service_win.cc(665)] Failed to read DnsConfig.
[0519/160057:WARNING:dns_config_service_win.cc(665)] Failed to read DnsConfig.
[0519/160057:WARNING:dns_config_service_win.cc(665)] Failed to read DnsConfig.
[0519/160102:WARNING:dns_config_service_win.cc(665)] Failed to read DnsConfig.
[0519/160102:WARNING:dns_config_service_win.cc(665)] Failed to read DnsConfig.
[0519/160107:WARNING:dns_config_service_win.cc(665)] Failed to read DnsConfig.
[0519/160107:WARNING:dns_config_service_win.cc(665)] Failed to read DnsConfig.
[0519/160112:WARNING:dns_config_service_win.cc(665)] Failed to read DnsConfig.
[0519/160112:WARNING:dns_config_service_win.cc(665)] Failed to read DnsConfig.
[0519/160117:WARNING:dns_config_service_win.cc(665)] Failed to read DnsConfig.
[0519/160117:WARNING:dns_config_service_win.cc(665)] Failed to read DnsConfig.
[0519/160122:WARNING:dns_config_service_win.cc(665)] Failed to read DnsConfig.
[0519/160122:WARNING:dns_config_service_win.cc(665)] Failed to read DnsConfig.
[0519/160127:WARNING:dns_config_service_win.cc(665)] Failed to read DnsConfig.
[0519/160127:WARNING:dns_config_service_win.cc(665)] Failed to read DnsConfig.
[0519/160132:WARNING:dns_config_service_win.cc(665)] Failed to read DnsConfig.
[0519/160132:WARNING:dns_config_service_win.cc(665)] Failed to read DnsConfig.
[0519/160137:WARNING:dns_config_service_win.cc(665)] Failed to read DnsConfig.
[0519/160137:WARNING:dns_config_service_win.cc(665)] Failed to read DnsConfig.
[0519/160142:WARNING:dns_config_service_win.cc(665)] Failed to read DnsConfig.
[0519/160142:WARNING:dns_config_service_win.cc(665)] Failed to read DnsConfig.
[0519/160147:WARNING:dns_config_service_win.cc(665)] Failed to read DnsConfig.
[0519/160147:WARNING:dns_config_service_win.cc(665)] Failed to read DnsConfig.
[0519/160152:WARNING:dns_config_service_win.cc(665)] Failed to read DnsConfig.
[0519/160152:WARNING:dns_config_service_win.cc(665)] Failed to read DnsConfig.
[0519/160157:WARNING:dns_config_service_win.cc(665)] Failed to read DnsConfig.
[0519/160157:WARNING:dns_config_service_win.cc(665)] Failed to read DnsConfig.
[0519/160202:WARNING:dns_config_service_win.cc(665)] Failed to read DnsConfig.
[0519/160202:WARNING:dns_config_service_win.cc(665)] Failed to read DnsConfig.
[0519/160207:WARNING:dns_config_service_win.cc(665)] Failed to read DnsConfig.
[0519/160207:WARNING:dns_config_service_win.cc(665)] Failed to read DnsConfig.
[0519/160212:WARNING:dns_config_service_win.cc(665)] Failed to read DnsConfig.
[0519/160212:WARNING:dns_config_service_win.cc(665)] Failed to read DnsConfig.
[0519/160217:WARNING:dns_config_service_win.cc(665)] Failed to read DnsConfig.
[0519/160217:WARNING:dns_config_service_win.cc(665)] Failed to read DnsConfig.
[0519/160222:WARNING:dns_config_service_win.cc(665)] Failed to read DnsConfig.
[0519/160222:WARNING:dns_config_service_win.cc(665)] Failed to read DnsConfig.
[0519/160227:WARNING:dns_config_service_win.cc(665)] Failed to read DnsConfig.
[0519/160227:WARNING:dns_config_service_win.cc(665)] Failed to read DnsConfig.
[0519/160232:WARNING:dns_config_service_win.cc(665)] Failed to read DnsConfig.
[0519/160232:WARNING:dns_config_service_win.cc(665)] Failed to read DnsConfig.
[0519/160237:WARNING:dns_config_service_win.cc(665)] Failed to read DnsConfig.
[0519/160237:WARNING:dns_config_service_win.cc(665)] Failed to read DnsConfig.
[0519/160242:WARNING:dns_config_service_win.cc(665)] Failed to read DnsConfig.
[0519/160242:WARNING:dns_config_service_win.cc(665)] Failed to read DnsConfig.
[0519/160247:WARNING:dns_config_service_win.cc(665)] Failed to read DnsConfig.
[0519/160247:WARNING:dns_config_service_win.cc(665)] Failed to read DnsConfig.
[0519/160252:WARNING:dns_config_service_win.cc(665)] Failed to read DnsConfig.
[0519/160252:WARNING:dns_config_service_win.cc(665)] Failed to read DnsConfig.
[0519/160257:WARNING:dns_config_service_win.cc(665)] Failed to read DnsConfig.
[0519/160257:WARNING:dns_config_service_win.cc(665)] Failed to read DnsConfig.
[0519/160302:WARNING:dns_config_service_win.cc(665)] Failed to read DnsConfig.
[0519/160302:WARNING:dns_config_service_win.cc(665)] Failed to read DnsConfig.
[0519/160307:WARNING:dns_config_service_win.cc(665)] Failed to read DnsConfig.
[0519/160307:WARNING:dns_config_service_win.cc(665)] Failed to read DnsConfig.
[0519/160312:WARNING:dns_config_service_win.cc(665)] Failed to read DnsConfig.
[0519/160312:WARNING:dns_config_service_win.cc(665)] Failed to read DnsConfig.
[0519/160317:WARNING:dns_config_service_win.cc(665)] Failed to read DnsConfig.
[0519/160317:WARNING:dns_config_service_win.cc(665)] Failed to read DnsConfig.
[0519/160322:WARNING:dns_config_service_win.cc(665)] Failed to read DnsConfig.
[0519/160322:WARNING:dns_config_service_win.cc(665)] Failed to read DnsConfig.
[0519/160327:WARNING:dns_config_service_win.cc(665)] Failed to read DnsConfig.
[0519/160327:WARNING:dns_config_service_win.cc(665)] Failed to read DnsConfig.
[0519/160332:WARNING:dns_config_service_win.cc(665)] Failed to read DnsConfig.
[0519/160332:WARNING:dns_config_service_win.cc(665)] Failed to read DnsConfig.
[0519/160337:WARNING:dns_config_service_win.cc(665)] Failed to read DnsConfig.
[0519/160337:WARNING:dns_config_service_win.cc(665)] Failed to read DnsConfig.
[0519/160342:WARNING:dns_config_service_win.cc(665)] Failed to read DnsConfig.
[0519/160342:WARNING:dns_config_service_win.cc(665)] Failed to read DnsConfig.
[0519/160347:WARNING:dns_config_service_win.cc(665)] Failed to read DnsConfig.
[0519/160347:WARNING:dns_config_service_win.cc(665)] Failed to read DnsConfig.
[0519/160352:WARNING:dns_config_service_win.cc(665)] Failed to read DnsConfig.
[0519/160352:WARNING:dns_config_service_win.cc(665)] Failed to read DnsConfig.
[0519/160357:WARNING:dns_config_service_win.cc(665)] Failed to read DnsConfig.
[0519/160357:WARNING:dns_config_service_win.cc(665)] Failed to read DnsConfig.
[0519/160402:WARNING:dns_config_service_win.cc(665)] Failed to read DnsConfig.
[0519/160402:WARNING:dns_config_service_win.cc(665)] Failed to read DnsConfig.
[0519/160407:WARNING:dns_config_service_win.cc(665)] Failed to read DnsConfig.
[0519/160407:WARNING:dns_config_service_win.cc(665)] Failed to read DnsConfig.
[0519/160412:WARNING:dns_config_service_win.cc(665)] Failed to read DnsConfig.
[0519/160412:WARNING:dns_config_service_win.cc(665)] Failed to read DnsConfig.
[0519/160417:WARNING:dns_config_service_win.cc(665)] Failed to read DnsConfig.
[0519/160417:WARNING:dns_config_service_win.cc(665)] Failed to read DnsConfig.
[0519/160422:WARNING:dns_config_service_win.cc(665)] Failed to read DnsConfig.
[0519/160422:WARNING:dns_config_service_win.cc(665)] Failed to read DnsConfig.
[0519/160427:WARNING:dns_config_service_win.cc(665)] Failed to read DnsConfig.
[0519/160427:WARNING:dns_config_service_win.cc(665)] Failed to read DnsConfig.
[0519/160432:WARNING:dns_config_service_win.cc(665)] Failed to read DnsConfig.
[0519/160432:WARNING:dns_config_service_win.cc(665)] Failed to read DnsConfig.
[0519/160437:WARNING:dns_config_service_win.cc(665)] Failed to read DnsConfig.
[0519/160437:WARNING:dns_config_service_win.cc(665)] Failed to read DnsConfig.
[0519/160442:WARNING:dns_config_service_win.cc(665)] Failed to read DnsConfig.
[0519/160442:WARNING:dns_config_service_win.cc(665)] Failed to read DnsConfig.
[0519/160447:WARNING:dns_config_service_win.cc(665)] Failed to read DnsConfig.
[0519/160447:WARNING:dns_config_service_win.cc(665)] Failed to read DnsConfig.
[0519/160452:WARNING:dns_config_service_win.cc(665)] Failed to read DnsConfig.
[0519/160452:WARNING:dns_config_service_win.cc(665)] Failed to read DnsConfig.
[0519/160457:WARNING:dns_config_service_win.cc(665)] Failed to read DnsConfig.
[0519/160457:WARNING:dns_config_service_win.cc(665)] Failed to read DnsConfig.
[0519/160502:WARNING:dns_config_service_win.cc(665)] Failed to read DnsConfig.
[0519/160502:WARNING:dns_config_service_win.cc(665)] Failed to read DnsConfig.
[0519/160507:WARNING:dns_config_service_win.cc(665)] Failed to read DnsConfig.
[0519/160507:WARNING:dns_config_service_win.cc(665)] Failed to read DnsConfig.
[0519/160512:WARNING:dns_config_service_win.cc(665)] Failed to read DnsConfig.
[0519/160512:WARNING:dns_config_service_win.cc(665)] Failed to read DnsConfig.
[0519/160517:WARNING:dns_config_service_win.cc(665)] Failed to read DnsConfig.
[0519/160517:WARNING:dns_config_service_win.cc(665)] Failed to read DnsConfig.
[0519/160522:WARNING:dns_config_service_win.cc(665)] Failed to read DnsConfig.
[0519/160522:WARNING:dns_config_service_win.cc(665)] Failed to read DnsConfig.
[0519/160527:WARNING:dns_config_service_win.cc(665)] Failed to read DnsConfig.
[0519/160527:WARNING:dns_config_service_win.cc(665)] Failed to read DnsConfig.
[0519/160532:WARNING:dns_config_service_win.cc(665)] Failed to read DnsConfig.
[0519/160532:WARNING:dns_config_service_win.cc(665)] Failed to read DnsConfig.
[0519/160537:WARNING:dns_config_service_win.cc(665)] Failed to read DnsConfig.
[0519/160537:WARNING:dns_config_service_win.cc(665)] Failed to read DnsConfig.
[0519/160542:WARNING:dns_config_service_win.cc(665)] Failed to read DnsConfig.
[0519/160542:WARNING:dns_config_service_win.cc(665)] Failed to read DnsConfig.
[0519/160547:WARNING:dns_config_service_win.cc(665)] Failed to read DnsConfig.
[0519/160547:WARNING:dns_config_service_win.cc(665)] Failed to read DnsConfig.
[0519/160552:WARNING:dns_config_service_win.cc(665)] Failed to read DnsConfig.
[0519/160552:WARNING:dns_config_service_win.cc(665)] Failed to read DnsConfig.
[0519/160557:WARNING:dns_config_service_win.cc(665)] Failed to read DnsConfig.
[0519/160557:WARNING:dns_config_service_win.cc(665)] Failed to read DnsConfig.
[0519/160602:WARNING:dns_config_service_win.cc(665)] Failed to read DnsConfig.
[0519/160602:WARNING:dns_config_service_win.cc(665)] Failed to read DnsConfig.
[0519/160607:WARNING:dns_config_service_win.cc(665)] Failed to read DnsConfig.
[0519/160607:WARNING:dns_config_service_win.cc(665)] Failed to read DnsConfig.
[0519/160612:WARNING:dns_config_service_win.cc(665)] Failed to read DnsConfig.
[0519/160612:WARNING:dns_config_service_win.cc(665)] Failed to read DnsConfig.
[0519/160617:WARNING:dns_config_service_win.cc(665)] Failed to read DnsConfig.
[0519/160617:WARNING:dns_config_service_win.cc(665)] Failed to read DnsConfig.
[0519/160622:WARNING:dns_config_service_win.cc(665)] Failed to read DnsConfig.
[0519/160622:WARNING:dns_config_service_win.cc(665)] Failed to read DnsConfig.
[0519/160627:WARNING:dns_config_service_win.cc(665)] Failed to read DnsConfig.
[0519/160627:WARNING:dns_config_service_win.cc(665)] Failed to read DnsConfig.
[0519/160632:WARNING:dns_config_service_win.cc(665)] Failed to read DnsConfig.
[0519/160632:WARNING:dns_config_service_win.cc(665)] Failed to read DnsConfig.
[0519/160637:WARNING:dns_config_service_win.cc(665)] Failed to read DnsConfig.
[0519/160637:WARNING:dns_config_service_win.cc(665)] Failed to read DnsConfig.
[0519/160642:WARNING:dns_config_service_win.cc(665)] Failed to read DnsConfig.
[0519/160642:WARNING:dns_config_service_win.cc(665)] Failed to read DnsConfig.
[0519/160647:WARNING:dns_config_service_win.cc(665)] Failed to read DnsConfig.
[0519/160647:WARNING:dns_config_service_win.cc(665)] Failed to read DnsConfig.
[0519/160652:WARNING:dns_config_service_win.cc(665)] Failed to read DnsConfig.
[0519/160652:WARNING:dns_config_service_win.cc(665)] Failed to read DnsConfig.
[0519/160657:WARNING:dns_config_service_win.cc(665)] Failed to read DnsConfig.
[0519/160657:WARNING:dns_config_service_win.cc(665)] Failed to read DnsConfig.
[0519/160702:WARNING:dns_config_service_win.cc(665)] Failed to read DnsConfig.
[0519/160702:WARNING:dns_config_service_win.cc(665)] Failed to read DnsConfig.
[0519/160707:WARNING:dns_config_service_win.cc(665)] Failed to read DnsConfig.
[0519/160707:WARNING:dns_config_service_win.cc(665)] Failed to read DnsConfig.
[0519/160712:WARNING:dns_config_service_win.cc(665)] Failed to read DnsConfig.
[0519/160712:WARNING:dns_config_service_win.cc(665)] Failed to read DnsConfig.
[0519/160717:WARNING:dns_config_service_win.cc(665)] Failed to read DnsConfig.
[0519/160717:WARNING:dns_config_service_win.cc(665)] Failed to read DnsConfig.
[0519/160722:WARNING:dns_config_service_win.cc(665)] Failed to read DnsConfig.
[0519/160722:WARNING:dns_config_service_win.cc(665)] Failed to read DnsConfig.
[0519/161051:WARNING:dns_config_service_win.cc(665)] Failed to read DnsConfig.
[0519/161056:WARNING:dns_config_service_win.cc(665)] Failed to read DnsConfig.
[0519/161102:WARNING:dns_config_service_win.cc(665)] Failed to read DnsConfig.
[0519/161107:WARNING:dns_config_service_win.cc(665)] Failed to read DnsConfig.
[0519/161112:WARNING:dns_config_service_win.cc(665)] Failed to read DnsConfig.
[0519/161117:WARNING:dns_config_service_win.cc(665)] Failed to read DnsConfig.
[0519/161122:WARNING:dns_config_service_win.cc(665)] Failed to read DnsConfig.
[0519/161127:WARNING:dns_config_service_win.cc(665)] Failed to read DnsConfig.
[0519/161132:WARNING:dns_config_service_win.cc(665)] Failed to read DnsConfig.
[0519/161137:WARNING:dns_config_service_win.cc(665)] Failed to read DnsConfig.
[0519/161142:WARNING:dns_config_service_win.cc(665)] Failed to read DnsConfig.
[0519/161147:WARNING:dns_config_service_win.cc(665)] Failed to read DnsConfig.
[0519/161152:WARNING:dns_config_service_win.cc(665)] Failed to read DnsConfig.
[0519/161157:WARNING:dns_config_service_win.cc(665)] Failed to read DnsConfig.
[0519/161202:WARNING:dns_config_service_win.cc(665)] Failed to read DnsConfig.
[0519/161207:WARNING:dns_config_service_win.cc(665)] Failed to read DnsConfig.
[0519/161212:WARNING:dns_config_service_win.cc(665)] Failed to read DnsConfig.
[0519/161217:WARNING:dns_config_service_win.cc(665)] Failed to read DnsConfig.
[0519/161222:WARNING:dns_config_service_win.cc(665)] Failed to read DnsConfig.
[0519/161227:WARNING:dns_config_service_win.cc(665)] Failed to read DnsConfig.
[0519/161232:WARNING:dns_config_service_win.cc(665)] Failed to read DnsConfig.
[0519/161237:WARNING:dns_config_service_win.cc(665)] Failed to read DnsConfig.
[0519/161242:WARNING:dns_config_service_win.cc(665)] Failed to read DnsConfig.
[0519/161247:WARNING:dns_config_service_win.cc(665)] Failed to read DnsConfig.
[0519/161252:WARNING:dns_config_service_win.cc(665)] Failed to read DnsConfig.
[0519/161257:WARNING:dns_config_service_win.cc(665)] Failed to read DnsConfig.
[0519/161302:WARNING:dns_config_service_win.cc(665)] Failed to read DnsConfig.
[0519/161307:WARNING:dns_config_service_win.cc(665)] Failed to read DnsConfig.
[0519/161312:WARNING:dns_config_service_win.cc(665)] Failed to read DnsConfig.
[0519/161317:WARNING:dns_config_service_win.cc(665)] Failed to read DnsConfig.
[0519/161322:WARNING:dns_config_service_win.cc(665)] Failed to read DnsConfig.
[0519/161327:WARNING:dns_config_service_win.cc(665)] Failed to read DnsConfig.
[0519/161332:WARNING:dns_config_service_win.cc(665)] Failed to read DnsConfig.
[0519/161337:WARNING:dns_config_service_win.cc(665)] Failed to read DnsConfig.
[0519/161342:WARNING:dns_config_service_win.cc(665)] Failed to read DnsConfig.
[0519/161347:WARNING:dns_config_service_win.cc(665)] Failed to read DnsConfig.
[0519/161352:WARNING:dns_config_service_win.cc(665)] Failed to read DnsConfig.
[0519/161357:WARNING:dns_config_service_win.cc(665)] Failed to read DnsConfig.
[0519/161402:WARNING:dns_config_service_win.cc(665)] Failed to read DnsConfig.
[0519/161407:WARNING:dns_config_service_win.cc(665)] Failed to read DnsConfig.
[0519/161412:WARNING:dns_config_service_win.cc(665)] Failed to read DnsConfig.
[0519/161417:WARNING:dns_config_service_win.cc(665)] Failed to read DnsConfig.
[0519/161422:WARNING:dns_config_service_win.cc(665)] Failed to read DnsConfig.
[0519/161427:WARNING:dns_config_service_win.cc(665)] Failed to read DnsConfig.
[0519/161432:WARNING:dns_config_service_win.cc(665)] Failed to read DnsConfig.
[0519/161437:WARNING:dns_config_service_win.cc(665)] Failed to read DnsConfig.
[0519/161442:WARNING:dns_config_service_win.cc(665)] Failed to read DnsConfig.
[0519/161447:WARNING:dns_config_service_win.cc(665)] Failed to read DnsConfig.
[0519/161452:WARNING:dns_config_service_win.cc(665)] Failed to read DnsConfig.
[0519/161457:WARNING:dns_config_service_win.cc(665)] Failed to read DnsConfig.
[0519/161502:WARNING:dns_config_service_win.cc(665)] Failed to read DnsConfig.
[0519/161507:WARNING:dns_config_service_win.cc(665)] Failed to read DnsConfig.
[0519/161512:WARNING:dns_config_service_win.cc(665)] Failed to read DnsConfig.
[0519/161517:WARNING:dns_config_service_win.cc(665)] Failed to read DnsConfig.
[0519/161522:WARNING:dns_config_service_win.cc(665)] Failed to read DnsConfig.
[0519/161527:WARNING:dns_config_service_win.cc(665)] Failed to read DnsConfig.
[0519/161532:WARNING:dns_config_service_win.cc(665)] Failed to read DnsConfig.
[0519/161537:WARNING:dns_config_service_win.cc(665)] Failed to read DnsConfig.
[0519/161542:WARNING:dns_config_service_win.cc(665)] Failed to read DnsConfig.
[0519/161547:WARNING:dns_config_service_win.cc(665)] Failed to read DnsConfig.
[0519/161552:WARNING:dns_config_service_win.cc(665)] Failed to read DnsConfig.
[0519/161557:WARNING:dns_config_service_win.cc(665)] Failed to read DnsConfig.
[0519/161602:WARNING:dns_config_service_win.cc(665)] Failed to read DnsConfig.
[0519/161607:WARNING:dns_config_service_win.cc(665)] Failed to read DnsConfig.
[0519/161612:WARNING:dns_config_service_win.cc(665)] Failed to read DnsConfig.
[0519/161617:WARNING:dns_config_service_win.cc(665)] Failed to read DnsConfig.
[0519/161622:WARNING:dns_config_service_win.cc(665)] Failed to read DnsConfig.
[0519/161627:WARNING:dns_config_service_win.cc(665)] Failed to read DnsConfig.
[0519/161632:WARNING:dns_config_service_win.cc(665)] Failed to read DnsConfig.
[0519/161637:WARNING:dns_config_service_win.cc(665)] Failed to read DnsConfig.
[0519/161642:WARNING:dns_config_service_win.cc(665)] Failed to read DnsConfig.
[0519/161647:WARNING:dns_config_service_win.cc(665)] Failed to read DnsConfig.
[0519/161652:WARNING:dns_config_service_win.cc(665)] Failed to read DnsConfig.
[0519/161657:WARNING:dns_config_service_win.cc(665)] Failed to read DnsConfig.
[0519/161702:WARNING:dns_config_service_win.cc(665)] Failed to read DnsConfig.
[0520/111028:WARNING:dns_config_service_win.cc(665)] Failed to read DnsConfig.
[0520/111030:WARNING:dns_config_service_win.cc(665)] Failed to read DnsConfig.
[0520/111030:WARNING:dns_config_service_win.cc(665)] Failed to read DnsConfig.
[0520/111034:WARNING:dns_config_service_win.cc(665)] Failed to read DnsConfig.
[0520/111034:WARNING:dns_config_service_win.cc(665)] Failed to read DnsConfig.
[0520/111035:WARNING:dns_config_service_win.cc(665)] Failed to read DnsConfig.
[0520/111035:WARNING:dns_config_service_win.cc(665)] Failed to read DnsConfig.
[0520/111035:WARNING:dns_config_service_win.cc(665)] Failed to read DnsConfig.
[0520/111035:WARNING:dns_config_service_win.cc(665)] Failed to read DnsConfig.
[0520/111039:WARNING:dns_config_service_win.cc(665)] Failed to read DnsConfig.
[0520/111039:WARNING:dns_config_service_win.cc(665)] Failed to read DnsConfig.
[0520/111040:WARNING:dns_config_service_win.cc(665)] Failed to read DnsConfig.
[0520/111040:WARNING:dns_config_service_win.cc(665)] Failed to read DnsConfig.
[0520/111040:WARNING:dns_config_service_win.cc(665)] Failed to read DnsConfig.
[0520/111040:WARNING:dns_config_service_win.cc(665)] Failed to read DnsConfig.
[0520/111044:WARNING:dns_config_service_win.cc(665)] Failed to read DnsConfig.
[0520/111044:WARNING:dns_config_service_win.cc(665)] Failed to read DnsConfig.
[0520/111045:WARNING:dns_config_service_win.cc(665)] Failed to read DnsConfig.
[0520/111045:WARNING:dns_config_service_win.cc(665)] Failed to read DnsConfig.
[0520/111045:WARNING:dns_config_service_win.cc(665)] Failed to read DnsConfig.
[0520/111045:WARNING:dns_config_service_win.cc(665)] Failed to read DnsConfig.
[0520/111049:WARNING:dns_config_service_win.cc(665)] Failed to read DnsConfig.
[0520/111049:WARNING:dns_config_service_win.cc(665)] Failed to read DnsConfig.
[0520/111050:WARNING:dns_config_service_win.cc(665)] Failed to read DnsConfig.
[0520/111050:WARNING:dns_config_service_win.cc(665)] Failed to read DnsConfig.
[0520/111050:WARNING:dns_config_service_win.cc(665)] Failed to read DnsConfig.
[0520/111050:WARNING:dns_config_service_win.cc(665)] Failed to read DnsConfig.
[0520/111054:WARNING:dns_config_service_win.cc(665)] Failed to read DnsConfig.
[0520/111054:WARNING:dns_config_service_win.cc(665)] Failed to read DnsConfig.
[0520/111055:WARNING:dns_config_service_win.cc(665)] Failed to read DnsConfig.
[0520/111055:WARNING:dns_config_service_win.cc(665)] Failed to read DnsConfig.
[0520/111055:WARNING:dns_config_service_win.cc(665)] Failed to read DnsConfig.
[0520/111055:WARNING:dns_config_service_win.cc(665)] Failed to read DnsConfig.
[0520/111059:WARNING:dns_config_service_win.cc(665)] Failed to read DnsConfig.
[0520/111059:WARNING:dns_config_service_win.cc(665)] Failed to read DnsConfig.
[0520/111100:WARNING:dns_config_service_win.cc(665)] Failed to read DnsConfig.
[0520/111100:WARNING:dns_config_service_win.cc(665)] Failed to read DnsConfig.
[0520/111100:WARNING:dns_config_service_win.cc(665)] Failed to read DnsConfig.
[0520/111100:WARNING:dns_config_service_win.cc(665)] Failed to read DnsConfig.
[0520/111104:WARNING:dns_config_service_win.cc(665)] Failed to read DnsConfig.
[0520/111104:WARNING:dns_config_service_win.cc(665)] Failed to read DnsConfig.
[0520/111105:WARNING:dns_config_service_win.cc(665)] Failed to read DnsConfig.
[0520/111105:WARNING:dns_config_service_win.cc(665)] Failed to read DnsConfig.
[0520/111105:WARNING:dns_config_service_win.cc(665)] Failed to read DnsConfig.
[0520/111105:WARNING:dns_config_service_win.cc(665)] Failed to read DnsConfig.
[0520/111109:WARNING:dns_config_service_win.cc(665)] Failed to read DnsConfig.
[0520/111109:WARNING:dns_config_service_win.cc(665)] Failed to read DnsConfig.
[0520/111110:WARNING:dns_config_service_win.cc(665)] Failed to read DnsConfig.
[0520/111110:WARNING:dns_config_service_win.cc(665)] Failed to read DnsConfig.
[0520/111110:WARNING:dns_config_service_win.cc(665)] Failed to read DnsConfig.
[0520/111110:WARNING:dns_config_service_win.cc(665)] Failed to read DnsConfig.
[0520/111114:WARNING:dns_config_service_win.cc(665)] Failed to read DnsConfig.
[0520/111114:WARNING:dns_config_service_win.cc(665)] Failed to read DnsConfig.
[0520/111115:WARNING:dns_config_service_win.cc(665)] Failed to read DnsConfig.
[0520/111115:WARNING:dns_config_service_win.cc(665)] Failed to read DnsConfig.
[0520/111115:WARNING:dns_config_service_win.cc(665)] Failed to read DnsConfig.
[0520/111115:WARNING:dns_config_service_win.cc(665)] Failed to read DnsConfig.
[0520/111119:WARNING:dns_config_service_win.cc(665)] Failed to read DnsConfig.
[0520/111119:WARNING:dns_config_service_win.cc(665)] Failed to read DnsConfig.
[0520/111120:WARNING:dns_config_service_win.cc(665)] Failed to read DnsConfig.
[0520/111120:WARNING:dns_config_service_win.cc(665)] Failed to read DnsConfig.
[0520/111120:WARNING:dns_config_service_win.cc(665)] Failed to read DnsConfig.
[0520/111120:WARNING:dns_config_service_win.cc(665)] Failed to read DnsConfig.
[0520/111124:WARNING:dns_config_service_win.cc(665)] Failed to read DnsConfig.
[0520/111124:WARNING:dns_config_service_win.cc(665)] Failed to read DnsConfig.
[0520/111125:WARNING:dns_config_service_win.cc(665)] Failed to read DnsConfig.
[0520/111125:WARNING:dns_config_service_win.cc(665)] Failed to read DnsConfig.
[0520/111125:WARNING:dns_config_service_win.cc(665)] Failed to read DnsConfig.
[0520/111125:WARNING:dns_config_service_win.cc(665)] Failed to read DnsConfig.
[0520/111129:WARNING:dns_config_service_win.cc(665)] Failed to read DnsConfig.
[0520/111129:WARNING:dns_config_service_win.cc(665)] Failed to read DnsConfig.
[0520/111130:WARNING:dns_config_service_win.cc(665)] Failed to read DnsConfig.
[0520/111130:WARNING:dns_config_service_win.cc(665)] Failed to read DnsConfig.
[0520/111130:WARNING:dns_config_service_win.cc(665)] Failed to read DnsConfig.
[0520/111130:WARNING:dns_config_service_win.cc(665)] Failed to read DnsConfig.
[0520/111134:WARNING:dns_config_service_win.cc(665)] Failed to read DnsConfig.
[0520/111134:WARNING:dns_config_service_win.cc(665)] Failed to read DnsConfig.
[0520/111135:WARNING:dns_config_service_win.cc(665)] Failed to read DnsConfig.
[0520/111135:WARNING:dns_config_service_win.cc(665)] Failed to read DnsConfig.
[0520/111135:WARNING:dns_config_service_win.cc(665)] Failed to read DnsConfig.
[0520/111135:WARNING:dns_config_service_win.cc(665)] Failed to read DnsConfig.
[0520/111139:WARNING:dns_config_service_win.cc(665)] Failed to read DnsConfig.
[0520/111139:WARNING:dns_config_service_win.cc(665)] Failed to read DnsConfig.
[0520/111140:WARNING:dns_config_service_win.cc(665)] Failed to read DnsConfig.
[0520/111140:WARNING:dns_config_service_win.cc(665)] Failed to read DnsConfig.
[0520/111140:WARNING:dns_config_service_win.cc(665)] Failed to read DnsConfig.
[0520/111140:WARNING:dns_config_service_win.cc(665)] Failed to read DnsConfig.
[0520/111144:WARNING:dns_config_service_win.cc(665)] Failed to read DnsConfig.
[0520/111144:WARNING:dns_config_service_win.cc(665)] Failed to read DnsConfig.
[0520/111145:WARNING:dns_config_service_win.cc(665)] Failed to read DnsConfig.
[0520/111145:WARNING:dns_config_service_win.cc(665)] Failed to read DnsConfig.
[0520/111145:WARNING:dns_config_service_win.cc(665)] Failed to read DnsConfig.
[0520/111145:WARNING:dns_config_service_win.cc(665)] Failed to read DnsConfig.
[0520/111149:WARNING:dns_config_service_win.cc(665)] Failed to read DnsConfig.
[0520/111149:WARNING:dns_config_service_win.cc(665)] Failed to read DnsConfig.
[0520/111150:WARNING:dns_config_service_win.cc(665)] Failed to read DnsConfig.
[0520/111150:WARNING:dns_config_service_win.cc(665)] Failed to read DnsConfig.
[0520/111150:WARNING:dns_config_service_win.cc(665)] Failed to read DnsConfig.
[0520/111150:WARNING:dns_config_service_win.cc(665)] Failed to read DnsConfig.
[0520/111154:WARNING:dns_config_service_win.cc(665)] Failed to read DnsConfig.
[0520/111154:WARNING:dns_config_service_win.cc(665)] Failed to read DnsConfig.
[0520/111155:WARNING:dns_config_service_win.cc(665)] Failed to read DnsConfig.
[0520/111155:WARNING:dns_config_service_win.cc(665)] Failed to read DnsConfig.
[0520/111155:WARNING:dns_config_service_win.cc(665)] Failed to read DnsConfig.
[0520/111155:WARNING:dns_config_service_win.cc(665)] Failed to read DnsConfig.
[0520/111159:WARNING:dns_config_service_win.cc(665)] Failed to read DnsConfig.
[0520/111159:WARNING:dns_config_service_win.cc(665)] Failed to read DnsConfig.
[0520/111200:WARNING:dns_config_service_win.cc(665)] Failed to read DnsConfig.
[0520/111200:WARNING:dns_config_service_win.cc(665)] Failed to read DnsConfig.
[0520/111200:WARNING:dns_config_service_win.cc(665)] Failed to read DnsConfig.
[0520/111200:WARNING:dns_config_service_win.cc(665)] Failed to read DnsConfig.
[0520/111204:WARNING:dns_config_service_win.cc(665)] Failed to read DnsConfig.
[0520/111205:WARNING:dns_config_service_win.cc(665)] Failed to read DnsConfig.
[0520/111205:WARNING:dns_config_service_win.cc(665)] Failed to read DnsConfig.
[0520/111205:WARNING:dns_config_service_win.cc(665)] Failed to read DnsConfig.
[0520/111205:WARNING:dns_config_service_win.cc(665)] Failed to read DnsConfig.
[0520/111205:WARNING:dns_config_service_win.cc(665)] Failed to read DnsConfig.
[0520/111209:WARNING:dns_config_service_win.cc(665)] Failed to read DnsConfig.
[0520/111210:WARNING:dns_config_service_win.cc(665)] Failed to read DnsConfig.
[0520/111210:WARNING:dns_config_service_win.cc(665)] Failed to read DnsConfig.
[0520/111210:WARNING:dns_config_service_win.cc(665)] Failed to read DnsConfig.
[0520/111210:WARNING:dns_config_service_win.cc(665)] Failed to read DnsConfig.
[0520/111210:WARNING:dns_config_service_win.cc(665)] Failed to read DnsConfig.
[0520/111214:WARNING:dns_config_service_win.cc(665)] Failed to read DnsConfig.
[0520/111215:WARNING:dns_config_service_win.cc(665)] Failed to read DnsConfig.
[0520/111215:WARNING:dns_config_service_win.cc(665)] Failed to read DnsConfig.
[0520/111215:WARNING:dns_config_service_win.cc(665)] Failed to read DnsConfig.
[0520/111215:WARNING:dns_config_service_win.cc(665)] Failed to read DnsConfig.
[0520/111215:WARNING:dns_config_service_win.cc(665)] Failed to read DnsConfig.
[0520/111219:WARNING:dns_config_service_win.cc(665)] Failed to read DnsConfig.
[0520/111220:WARNING:dns_config_service_win.cc(665)] Failed to read DnsConfig.
[0520/111220:WARNING:dns_config_service_win.cc(665)] Failed to read DnsConfig.
[0520/111220:WARNING:dns_config_service_win.cc(665)] Failed to read DnsConfig.
[0520/111220:WARNING:dns_config_service_win.cc(665)] Failed to read DnsConfig.
[0520/111220:WARNING:dns_config_service_win.cc(665)] Failed to read DnsConfig.
[0520/111224:WARNING:dns_config_service_win.cc(665)] Failed to read DnsConfig.
[0520/111225:WARNING:dns_config_service_win.cc(665)] Failed to read DnsConfig.
[0520/111225:WARNING:dns_config_service_win.cc(665)] Failed to read DnsConfig.
[0520/111225:WARNING:dns_config_service_win.cc(665)] Failed to read DnsConfig.
[0520/111225:WARNING:dns_config_service_win.cc(665)] Failed to read DnsConfig.
[0520/111225:WARNING:dns_config_service_win.cc(665)] Failed to read DnsConfig.
[0520/154425:WARNING:dns_config_service_win.cc(665)] Failed to read DnsConfig.
