Removed Member From Class: ClassName=landslide_scm Member=F?
Removed Member From Class: ClassName=landslide_scm Member=J?
Removed Member From Class: ClassName=landslide_scm Member=U?
Change Component Comment : Designator=C? Old Comment=103 New Comment=104
Change Component Comment : Designator=R? Old Comment=Res New Comment=0R
Change Component Comment : Designator=R? Old Comment=Res New Comment=100R
Added Component: Designator=C?(SM-0805)
Add component (AddParameter): Name = "Value"; Value = "103"; VariantName = "[No Variations]"
Added Component: Designator=C?(CN1.5)
Add component (AddParameter): Name = "Value"; Value = "0.01uF"; VariantName = "[No Variations]"
Added Component: Designator=C?(SM-0805)
Add component (AddParameter): Name = "Value"; Value = "103"; VariantName = "[No Variations]"
Added Component: Designator=C?(SM-0805)
Add component (AddParameter): Name = "Value"; Value = "103"; VariantName = "[No Variations]"
Added Component: Designator=C?(CN1.5)
Add component (AddParameter): Name = "Value"; Value = "0.01uF"; VariantName = "[No Variations]"
Added Component: Designator=C?(SMA-RA)
Add component (AddParameter): Name = "ComponentLink1Description"; Value = "Manufacturer"; VariantName = "[No Variations]"
Add component (AddParameter): Name = "ComponentLink1URL"; Value = "http://www.we-online.de"; VariantName = "[No Variations]"
Add component (AddParameter): Name = "ComponentLink2Description"; Value = "Datasheet"; VariantName = "[No Variations]"
Add component (AddParameter): Name = "ComponentLink2URL"; Value = "http://katalog.we-online.de/kataloge/eisos/index.php?language=en&pf=Filter_gerade"; VariantName = "[No Variations]"
Add component (AddParameter): Name = "Created by"; Value = "Christin Zierenner"; VariantName = "[No Variations]"
Add component (AddParameter): Name = "Created Date"; Value = "May 2012"; VariantName = "[No Variations]"
Add component (AddParameter): Name = "Manufacturer"; Value = "Würth Elektronik eiSos GmbH"; VariantName = "[No Variations]"
Add component (AddParameter): Name = "partNo"; Value = "210111003"; VariantName = "[No Variations]"
Added Component: Designator=C?(SM-0805)
Add component (AddParameter): Name = "Value"; Value = "103"; VariantName = "[No Variations]"
Added Component: Designator=C?(SM-0805)
Add component (AddParameter): Name = "Value"; Value = "103"; VariantName = "[No Variations]"
Added Component: Designator=C?(SM-0805)
Add component (AddParameter): Name = "Value"; Value = "103"; VariantName = "[No Variations]"
Added Component: Designator=C?(SM-0805)
Add component (AddParameter): Name = "Value"; Value = "103"; VariantName = "[No Variations]"
Added Component: Designator=C?(CN1.5)
Add component (AddParameter): Name = "Value"; Value = "0.01uF"; VariantName = "[No Variations]"
Added Component: Designator=C?(SM-0805)
Add component (AddParameter): Name = "Value"; Value = "103"; VariantName = "[No Variations]"
Added Component: Designator=C?(CN1.5)
Add component (AddParameter): Name = "Value"; Value = "0.01uF"; VariantName = "[No Variations]"
Added Component: Designator=C?(SM-0805)
Add component (AddParameter): Name = "Value"; Value = "103"; VariantName = "[No Variations]"
Added Component: Designator=D?(DIO_LL4148)
Add component (AddParameter): Name = "Availability"; Value = "Unavailable"; VariantName = "[No Variations]"
Add component (AddParameter): Name = "MF"; Value = "ON Semiconductor"; VariantName = "[No Variations]"
Add component (AddParameter): Name = "MP"; Value = "LL4148"; VariantName = "[No Variations]"
Add component (AddParameter): Name = "Package"; Value = "SOD-80 Taitron"; VariantName = "[No Variations]"
Add component (AddParameter): Name = "Price"; Value = "None"; VariantName = "[No Variations]"
Add component (AddParameter): Name = "SnapEDA_Link"; Value = "https://www.snapeda.com/parts/LL4148/ON%20Semiconductor/view-part/2182678/?ref=snap"; VariantName = "[No Variations]"
Add component (AddParameter): Name = "Value"; Value = ""; VariantName = "[No Variations]"
Added Component: Designator=D?(DIO_LL4148)
Add component (AddParameter): Name = "Availability"; Value = "Unavailable"; VariantName = "[No Variations]"
Add component (AddParameter): Name = "MF"; Value = "ON Semiconductor"; VariantName = "[No Variations]"
Add component (AddParameter): Name = "MP"; Value = "LL4148"; VariantName = "[No Variations]"
Add component (AddParameter): Name = "Package"; Value = "SOD-80 Taitron"; VariantName = "[No Variations]"
Add component (AddParameter): Name = "Price"; Value = "None"; VariantName = "[No Variations]"
Add component (AddParameter): Name = "SnapEDA_Link"; Value = "https://www.snapeda.com/parts/LL4148/ON%20Semiconductor/view-part/2182678/?ref=snap"; VariantName = "[No Variations]"
Add component (AddParameter): Name = "Value"; Value = ""; VariantName = "[No Variations]"
Added Component: Designator=D?(1N4007_SMD)
Added Component: Designator=D?(Diode_SS34)
Added Component: Designator=DHT?(DHT22)
Add component (AddParameter): Name = "ComponentLink1 Description"; Value = "Manufacturer"; VariantName = "[No Variations]"
Add component (AddParameter): Name = "ComponentLink1URL"; Value = "http://www.we-online.com"; VariantName = "[No Variations]"
Add component (AddParameter): Name = "ComponentLink2 Description"; Value = "Datasheet"; VariantName = "[No Variations]"
Add component (AddParameter): Name = "ComponentLink2URL"; Value = "http://katalog.we-online.de/em/datasheet/6130xx143121.pdf"; VariantName = "[No Variations]"
Add component (AddParameter): Name = "Created by"; Value = "Karrer Zheng"; VariantName = "[No Variations]"
Add component (AddParameter): Name = "Created Date"; Value = "29 March 2013"; VariantName = "[No Variations]"
Add component (AddParameter): Name = "Manufacturer"; Value = "W¨¹rth Elektronik eiSos GmbH"; VariantName = "[No Variations]"
Add component (AddParameter): Name = "NoPins"; Value = "04"; VariantName = "[No Variations]"
Add component (AddParameter): Name = "partNo"; Value = "613004143121"; VariantName = "[No Variations]"
Added Component: Designator=D(SC70-6)
Add component (AddParameter): Name = "Availability"; Value = "Unavailable"; VariantName = "[No Variations]"
Add component (AddParameter): Name = "MF"; Value = "ON Semiconductor"; VariantName = "[No Variations]"
Add component (AddParameter): Name = "MP"; Value = "SMF05C"; VariantName = "[No Variations]"
Add component (AddParameter): Name = "Package"; Value = "SOT-363 ON Semiconductor"; VariantName = "[No Variations]"
Add component (AddParameter): Name = "Price"; Value = "None"; VariantName = "[No Variations]"
Add component (AddParameter): Name = "SnapEDA_Link"; Value = "https://www.snapeda.com/parts/SMF05C/ON%20Semiconductor/view-part/2782704/?ref=snap"; VariantName = "[No Variations]"
Add component (AddParameter): Name = "Value"; Value = ""; VariantName = "[No Variations]"
Added Component: Designator=L?(inductor_smd)
Add component (AddParameter): Name = "Published"; Value = "8-Jun-2000"; VariantName = "[No Variations]"
Add component (AddParameter): Name = "Publisher"; Value = "Altium Limited"; VariantName = "[No Variations]"
Add component (AddParameter): Name = "Revision"; Value = "July-2002: Re-released for DXP Platform."; VariantName = "[No Variations]"
Add component (AddParameter): Name = "Value"; Value = "100uH"; VariantName = "[No Variations]"
Added Component: Designator=LED?(LED-0805-Green)
Add component (AddParameter): Name = "Value"; Value = "LED 3 - 5 ly 2 Colour"; VariantName = "[No Variations]"
Added Component: Designator=LED?(LED-0805-Green)
Add component (AddParameter): Name = "Value"; Value = "LED 3 - 5 ly 2 Colour"; VariantName = "[No Variations]"
Added Component: Designator=P?(HDR 1X4)
Added Component: Designator=P?(HDR 1X5)
Added Component: Designator=P?(HDR 1X1)
Added Component: Designator=P?(HDR 1X4)
Added Component: Designator=P?(HDR 1X5)
Added Component: Designator=P?(HDR 1X4)
Added Component: Designator=Q?(TO92-123)
Add component (AddParameter): Name = "Creat by"; Value = "MT-TECH.VN"; VariantName = "[No Variations]"
Add component (AddParameter): Name = "Value"; Value = "C1815"; VariantName = "[No Variations]"
Added Component: Designator=R?(RES-SMD-0805)
Add component (AddParameter): Name = "Class"; Value = "Passive"; VariantName = "[No Variations]"
Add component (AddParameter): Name = "Manufacturer"; Value = "Generic Components"; VariantName = "[No Variations]"
Add component (AddParameter): Name = "Published"; Value = "08/06/2000"; VariantName = "[No Variations]"
Add component (AddParameter): Name = "Publisher"; Value = "Altium Hobart Technology Centre"; VariantName = "[No Variations]"
Added Component: Designator=R?(R-0805)
Add component (AddParameter): Name = "value"; Value = "1k"; VariantName = "[No Variations]"
Added Component: Designator=R?(R-0805)
Add component (AddParameter): Name = "value"; Value = "1k"; VariantName = "[No Variations]"
Added Component: Designator=R?(R-0805)
Add component (AddParameter): Name = "value"; Value = "1k"; VariantName = "[No Variations]"
Added Component: Designator=R?(R-0805)
Add component (AddParameter): Name = "value"; Value = "1k"; VariantName = "[No Variations]"
Added Component: Designator=R?(R-0805)
Add component (AddParameter): Name = "value"; Value = "1k"; VariantName = "[No Variations]"
Added Component: Designator=R?(R-0805)
Add component (AddParameter): Name = "value"; Value = "1k"; VariantName = "[No Variations]"
Added Component: Designator=R?(R-0805)
Add component (AddParameter): Name = "value"; Value = "1k"; VariantName = "[No Variations]"
Added Component: Designator=R?(R-0805)
Add component (AddParameter): Name = "value"; Value = "1k"; VariantName = "[No Variations]"
Added Component: Designator=R?(R-0805)
Add component (AddParameter): Name = "value"; Value = "1k"; VariantName = "[No Variations]"
Added Component: Designator=SIM Holder(SIMCARD6pin)
Added Component: Designator=SW?(SW1-SMD)
Add component (AddParameter): Name = "Value"; Value = "SW chip 2 pin"; VariantName = "[No Variations]"
Added Component: Designator=SW?(SW1-SMD)
Add component (AddParameter): Name = "Value"; Value = "SW chip 2 pin"; VariantName = "[No Variations]"
Added Component: Designator=U(QFP50P900X900X160-48N)
Add component (AddParameter): Name = "Digi-Key_Part_Number"; Value = "497-17332-2-ND"; VariantName = "[No Variations]"
Add component (AddParameter): Name = "Digi-Key_Purchase_URL"; Value = "https://www.digikey.com.ar/product-detail/en/stmicroelectronics/STM32F030CCT6TR/497-17332-2-ND/6833532?utm_source=snapeda&utm_medium=aggregator&utm_campaign=symbol"; VariantName = "[No Variations]"
Add component (AddParameter): Name = "MF"; Value = "STMicroelectronics"; VariantName = "[No Variations]"
Add component (AddParameter): Name = "MP"; Value = "STM32F030CCT6"; VariantName = "[No Variations]"
Add component (AddParameter): Name = "Package"; Value = "LQFP-48 STMicroelectronics"; VariantName = "[No Variations]"
Add component (AddParameter): Name = "SnapEDA_Link"; Value = "https://www.snapeda.com/parts/STM32F030CCT6/STMicroelectronics/view-part/447161/?ref=snap"; VariantName = "[No Variations]"
Add component (AddParameter): Name = "Value"; Value = ""; VariantName = "[No Variations]"
Added Component: Designator=U(XCVR_SIM800A)
Add component (AddParameter): Name = "Availability"; Value = "Unavailable"; VariantName = "[No Variations]"
Add component (AddParameter): Name = "MF"; Value = "Simcom"; VariantName = "[No Variations]"
Add component (AddParameter): Name = "MP"; Value = "SIM800A"; VariantName = "[No Variations]"
Add component (AddParameter): Name = "Package"; Value = "None"; VariantName = "[No Variations]"
Add component (AddParameter): Name = "Price"; Value = "None"; VariantName = "[No Variations]"
Add component (AddParameter): Name = "SnapEDA_Link"; Value = "https://www.snapeda.com/parts/SIM800A/SIMcom%20Wireless%20solutions%20Co.%2CLtd/view-part/698771/?ref=snap"; VariantName = "[No Variations]"
Add component (AddParameter): Name = "Value"; Value = ""; VariantName = "[No Variations]"
Added Component: Designator=X?(XT32k)
Add component (AddParameter): Name = "Value"; Value = "32,768khz"; VariantName = "[No Variations]"
Added Component: Designator=X?(XT2)
Add component (AddParameter): Name = "Value"; Value = "4Mhz"; VariantName = "[No Variations]"
Added Pin To Net: NetName=+3V3 Pin=C?-1
Added Pin To Net: NetName=+3V3 Pin=LED?-1
Added Pin To Net: NetName=+3V3 Pin=U-2
Added Net: Name=+3V3
Added Pin To Net: NetName=+5 Pin=C?-1
Added Pin To Net: NetName=+5 Pin=DHT?-1
Added Pin To Net: NetName=+5 Pin=L?-2
Added Pin To Net: NetName=+5 Pin=R?-1
Added Pin To Net: NetName=+5 Pin=R?-1
Added Pin To Net: NetName=+5 Pin=R?-1
Added Pin To Net: NetName=+5 Pin=R?-2
Added Pin To Net: NetName=+5 Pin=U?-4
Added Net: Name=+5
Added Pin To Net: NetName=3V3 Pin=C?-2
Added Pin To Net: NetName=3V3 Pin=C?-2
Added Pin To Net: NetName=3V3 Pin=C?-2
Added Pin To Net: NetName=3V3 Pin=C?-2
Added Pin To Net: NetName=3V3 Pin=C?-2
Added Pin To Net: NetName=3V3 Pin=P?-1
Added Pin To Net: NetName=3V3 Pin=P?-2
Added Pin To Net: NetName=3V3 Pin=P?-2
Added Pin To Net: NetName=3V3 Pin=R?-1
Added Pin To Net: NetName=3V3 Pin=R?-1
Added Pin To Net: NetName=3V3 Pin=U-1
Added Pin To Net: NetName=3V3 Pin=U-9
Added Pin To Net: NetName=3V3 Pin=U-24
Added Pin To Net: NetName=3V3 Pin=U-36
Added Pin To Net: NetName=3V3 Pin=U-48
Added Net: Name=3V3
Added Pin To Net: NetName=5V Pin=P?-1
Added Net: Name=5V
Added Pin To Net: NetName=ADXL_CS Pin=P?-5
Added Pin To Net: NetName=ADXL_CS Pin=U-14
Added Net: Name=ADXL_CS
Added Pin To Net: NetName=ADXL_IN1 Pin=P?-4
Added Pin To Net: NetName=ADXL_IN1 Pin=U-20
Added Net: Name=ADXL_IN1
Added Pin To Net: NetName=ADXL_IN2 Pin=P?-5
Added Net: Name=ADXL_IN2
Added Pin To Net: NetName=ADXL_SCL Pin=P?-1
Added Pin To Net: NetName=ADXL_SCL Pin=U-15
Added Net: Name=ADXL_SCL
Added Pin To Net: NetName=ADXL_SDA Pin=P?-2
Added Pin To Net: NetName=ADXL_SDA Pin=U-17
Added Net: Name=ADXL_SDA
Added Pin To Net: NetName=ADXL_SDO Pin=P?-3
Added Pin To Net: NetName=ADXL_SDO Pin=U-16
Added Net: Name=ADXL_SDO
Added Pin To Net: NetName=CA1 Pin=C?-1
Added Pin To Net: NetName=CA1 Pin=D-1
Added Pin To Net: NetName=CA1 Pin=SIM Holder-6
Added Pin To Net: NetName=CA1 Pin=U-31
Added Net: Name=CA1
Added Pin To Net: NetName=CA2 Pin=D-3
Added Net: Name=CA2
Added Pin To Net: NetName=CA3 Pin=D-4
Added Pin To Net: NetName=CA3 Pin=SIM Holder-3
Added Pin To Net: NetName=CA3 Pin=U-32
Added Net: Name=CA3
Added Pin To Net: NetName=CA4 Pin=D-5
Added Pin To Net: NetName=CA4 Pin=SIM Holder-2
Added Pin To Net: NetName=CA4 Pin=U-33
Added Net: Name=CA4
Added Pin To Net: NetName=CA5 Pin=C?-1
Added Pin To Net: NetName=CA5 Pin=D-6
Added Pin To Net: NetName=CA5 Pin=SIM Holder-1
Added Pin To Net: NetName=CA5 Pin=U-30
Added Net: Name=CA5
Added Pin To Net: NetName=data_DHT22 Pin=DHT?-2
Added Pin To Net: NetName=data_DHT22 Pin=R?-2
Added Pin To Net: NetName=data_DHT22 Pin=U-18
Added Net: Name=data_DHT22
Added Pin To Net: NetName=GND Pin=C?-1
Added Pin To Net: NetName=GND Pin=C?-1
Added Pin To Net: NetName=GND Pin=C?-1
Added Pin To Net: NetName=GND Pin=C?-1
Added Pin To Net: NetName=GND Pin=C?-1
Added Pin To Net: NetName=GND Pin=C?-1
Added Pin To Net: NetName=GND Pin=C?-1
Added Pin To Net: NetName=GND Pin=C?-1
Added Pin To Net: NetName=GND Pin=C?-1
Added Pin To Net: NetName=GND Pin=C?-2
Added Pin To Net: NetName=GND Pin=C?-2
Added Pin To Net: NetName=GND Pin=C?-2
Added Pin To Net: NetName=GND Pin=C?-2
Added Pin To Net: NetName=GND Pin=C?-2
Added Pin To Net: NetName=GND Pin=C?-2
Added Pin To Net: NetName=GND Pin=C?-2
Added Pin To Net: NetName=GND Pin=C?-2
Added Pin To Net: NetName=GND Pin=C?-2
Added Pin To Net: NetName=GND Pin=C?-2
Added Pin To Net: NetName=GND Pin=C?-3
Added Pin To Net: NetName=GND Pin=C?-4
Added Pin To Net: NetName=GND Pin=C?-5
Added Pin To Net: NetName=GND Pin=D-2
Added Pin To Net: NetName=GND Pin=D?-1
Added Pin To Net: NetName=GND Pin=D?-A
Added Pin To Net: NetName=GND Pin=D?-A
Added Pin To Net: NetName=GND Pin=DHT?-4
Added Pin To Net: NetName=GND Pin=J?-1
Added Pin To Net: NetName=GND Pin=LED?-2
Added Pin To Net: NetName=GND Pin=P?-1
Added Pin To Net: NetName=GND Pin=P?-1
Added Pin To Net: NetName=GND Pin=P?-2
Added Pin To Net: NetName=GND Pin=P?-3
Added Pin To Net: NetName=GND Pin=Q?-1
Added Pin To Net: NetName=GND Pin=R?-2
Added Pin To Net: NetName=GND Pin=R?-2
Added Pin To Net: NetName=GND Pin=R?-2
Added Pin To Net: NetName=GND Pin=SIM Holder-4
Added Pin To Net: NetName=GND Pin=SW?-2
Added Pin To Net: NetName=GND Pin=SW?-2
Added Pin To Net: NetName=GND Pin=U-1
Added Pin To Net: NetName=GND Pin=U-2
Added Pin To Net: NetName=GND Pin=U-8
Added Pin To Net: NetName=GND Pin=U-17
Added Pin To Net: NetName=GND Pin=U-18
Added Pin To Net: NetName=GND Pin=U-23
Added Pin To Net: NetName=GND Pin=U-29
Added Pin To Net: NetName=GND Pin=U-35
Added Pin To Net: NetName=GND Pin=U-39
Added Pin To Net: NetName=GND Pin=U-45
Added Pin To Net: NetName=GND Pin=U-46
Added Pin To Net: NetName=GND Pin=U-47
Added Pin To Net: NetName=GND Pin=U-54
Added Pin To Net: NetName=GND Pin=U-58
Added Pin To Net: NetName=GND Pin=U-59
Added Pin To Net: NetName=GND Pin=U-61
Added Pin To Net: NetName=GND Pin=U-62
Added Pin To Net: NetName=GND Pin=U-63
Added Pin To Net: NetName=GND Pin=U-64
Added Pin To Net: NetName=GND Pin=U-65
Added Pin To Net: NetName=GND Pin=U?-3
Added Pin To Net: NetName=GND Pin=U?-5
Added Net: Name=GND
Added Pin To Net: NetName=GSM_ANT Pin=C?-1
Added Pin To Net: NetName=GSM_ANT Pin=U-60
Added Net: Name=GSM_ANT
Added Pin To Net: NetName=NetC?_1 Pin=C?-1
Added Pin To Net: NetName=NetC?_1 Pin=C?-1
Added Pin To Net: NetName=NetC?_1 Pin=R?-2
Added Pin To Net: NetName=NetC?_1 Pin=U-3
Added Net: Name=NetC?_1
Added Pin To Net: NetName=NetD?_1 Pin=D?-1
Added Pin To Net: NetName=NetD?_1 Pin=R?-2
Added Net: Name=NetD?_1
Added Pin To Net: NetName=NetD?_2 Pin=D?-2
Added Pin To Net: NetName=NetD?_2 Pin=L?-1
Added Pin To Net: NetName=NetD?_2 Pin=U?-2
Added Net: Name=NetD?_2
Added Pin To Net: NetName=NetF?_1 Pin=F?-1
Added Pin To Net: NetName=NetF?_1 Pin=F?-1
Added Pin To Net: NetName=NetF?_1 Pin=J?-2
Added Net: Name=NetF?_1
Added Pin To Net: NetName=NetLED?_1 Pin=LED?-1
Added Pin To Net: NetName=NetLED?_1 Pin=R?-1
Added Net: Name=NetLED?_1
Added Pin To Net: NetName=NetLED?_2 Pin=LED?-2
Added Pin To Net: NetName=NetLED?_2 Pin=R?-2
Added Net: Name=NetLED?_2
Added Pin To Net: NetName=NETLIGHT Pin=R?-2
Added Pin To Net: NetName=NETLIGHT Pin=U-52
Added Net: Name=NETLIGHT
Added Pin To Net: NetName=NetQ?_2 Pin=Q?-2
Added Pin To Net: NetName=NetQ?_2 Pin=R?-1
Added Pin To Net: NetName=NetQ?_2 Pin=R?-1
Added Net: Name=NetQ?_2
Added Pin To Net: NetName=NetQ?_3 Pin=Q?-3
Added Pin To Net: NetName=NetQ?_3 Pin=R?-1
Added Net: Name=NetQ?_3
Added Pin To Net: NetName=NetR?_1 Pin=R?-1
Added Pin To Net: NetName=NetR?_1 Pin=U-44
Added Net: Name=NetR?_1
Added Pin To Net: NetName=NRST Pin=C?-1
Added Pin To Net: NetName=NRST Pin=R?-1
Added Pin To Net: NetName=NRST Pin=SW?-1
Added Pin To Net: NetName=NRST Pin=U-7
Added Net: Name=NRST
Added Pin To Net: NetName=OSC32_IN Pin=C?-2
Added Pin To Net: NetName=OSC32_IN Pin=U-3
Added Pin To Net: NetName=OSC32_IN Pin=X?-2
Added Net: Name=OSC32_IN
Added Pin To Net: NetName=OSC32_OUT Pin=C?-2
Added Pin To Net: NetName=OSC32_OUT Pin=U-4
Added Pin To Net: NetName=OSC32_OUT Pin=X?-1
Added Net: Name=OSC32_OUT
Added Pin To Net: NetName=OSC_IN Pin=C?-2
Added Pin To Net: NetName=OSC_IN Pin=U-5
Added Pin To Net: NetName=OSC_IN Pin=X?-2
Added Net: Name=OSC_IN
Added Pin To Net: NetName=OSC_OUT Pin=C?-2
Added Pin To Net: NetName=OSC_OUT Pin=U-6
Added Pin To Net: NetName=OSC_OUT Pin=X?-1
Added Net: Name=OSC_OUT
Added Pin To Net: NetName=PWRKEY Pin=SW?-1
Added Pin To Net: NetName=PWRKEY Pin=U-1
Added Net: Name=PWRKEY
Added Pin To Net: NetName=Rain_pulse Pin=P?-1
Added Pin To Net: NetName=Rain_pulse Pin=U-13
Added Net: Name=Rain_pulse
Added Pin To Net: NetName=SIM_NRST Pin=U-16
Added Net: Name=SIM_NRST
Added Pin To Net: NetName=SIM_RI Pin=U-4
Added Net: Name=SIM_RI
Added Pin To Net: NetName=SIM_RXD Pin=U-10
Added Pin To Net: NetName=SIM_RXD Pin=U-30
Added Net: Name=SIM_RXD
Added Pin To Net: NetName=SIM_TXD Pin=U-9
Added Pin To Net: NetName=SIM_TXD Pin=U-31
Added Net: Name=SIM_TXD
Added Pin To Net: NetName=soil_AO Pin=P?-4
Added Pin To Net: NetName=soil_AO Pin=U-19
Added Net: Name=soil_AO
Added Pin To Net: NetName=soil_DO Pin=P?-3
Added Net: Name=soil_DO
Added Pin To Net: NetName=SSD1306_SCL Pin=P?-3
Added Pin To Net: NetName=SSD1306_SCL Pin=R?-2
Added Pin To Net: NetName=SSD1306_SCL Pin=U-21
Added Net: Name=SSD1306_SCL
Added Pin To Net: NetName=SSD1306_SDA Pin=P?-4
Added Pin To Net: NetName=SSD1306_SDA Pin=R?-2
Added Pin To Net: NetName=SSD1306_SDA Pin=U-22
Added Net: Name=SSD1306_SDA
Added Pin To Net: NetName=STATUS Pin=R?-2
Added Pin To Net: NetName=STATUS Pin=U-66
Added Net: Name=STATUS
Added Pin To Net: NetName=SWCLK Pin=P?-3
Added Pin To Net: NetName=SWCLK Pin=U-37
Added Net: Name=SWCLK
Added Pin To Net: NetName=SWDIO Pin=P?-2
Added Pin To Net: NetName=SWDIO Pin=U-34
Added Net: Name=SWDIO
Added Pin To Net: NetName=VCC Pin=P?-4
Added Net: Name=VCC
Added Pin To Net: NetName=VGSM Pin=D?-2
Added Pin To Net: NetName=VGSM Pin=D?-C
Added Pin To Net: NetName=VGSM Pin=D?-C
Added Pin To Net: NetName=VGSM Pin=LED?-1
Added Pin To Net: NetName=VGSM Pin=U-55
Added Pin To Net: NetName=VGSM Pin=U-56
Added Pin To Net: NetName=VGSM Pin=U-57
Added Net: Name=VGSM
Added Pin To Net: NetName=Vin Pin=C?-1
Added Pin To Net: NetName=Vin Pin=C?-1
Added Pin To Net: NetName=Vin Pin=F?-2
Added Pin To Net: NetName=Vin Pin=F?-2
Added Pin To Net: NetName=Vin Pin=U?-1
Added Net: Name=Vin
Added Pin To Net: NetName=VS Pin=P?-4
Added Net: Name=VS
Change Class Name : Old Net Name=landslide_scm New Net Name=MCU_scm
Added Class: Name=power_scm
Added Member To Class: ClassName=MCU_scm Member=Component C? 22pF
Added Member To Class: ClassName=MCU_scm Member=Component C? 104
Added Member To Class: ClassName=MCU_scm Member=Component C? 475
Added Member To Class: ClassName=MCU_scm Member=Component C? 22pF
Added Member To Class: ClassName=MCU_scm Member=Component C? 104
Added Member To Class: ClassName=MCU_scm Member=Component C? 103
Added Member To Class: ClassName=MCU_scm Member=Component C? 105
Added Member To Class: ClassName=MCU_scm Member=Component C? 104
Added Member To Class: ClassName=MCU_scm Member=Component C? 22pF
Added Member To Class: ClassName=MCU_scm Member=Component C? 104
Added Member To Class: ClassName=MCU_scm Member=Component C? 22pF
Added Member To Class: ClassName=MCU_scm Member=Component C? 22pF
Added Member To Class: ClassName=MCU_scm Member=Component DHT? DHT22
Added Member To Class: ClassName=MCU_scm Member=Component D SMF05C
Added Member To Class: ClassName=MCU_scm Member=Component LED? LED
Added Member To Class: ClassName=MCU_scm Member=Component P? soil_moisture_ss
Added Member To Class: ClassName=MCU_scm Member=Component P? ADXL345_p1_ss
Added Member To Class: ClassName=MCU_scm Member=Component P? RainGauge_ss
Added Member To Class: ClassName=MCU_scm Member=Component P? Header 4
Added Member To Class: ClassName=MCU_scm Member=Component P? ADXL345_p2_ss
Added Member To Class: ClassName=MCU_scm Member=Component P? SSD1306
Added Member To Class: ClassName=MCU_scm Member=Component Q? 2N222
Added Member To Class: ClassName=MCU_scm Member=Component R? 4k7
Added Member To Class: ClassName=MCU_scm Member=Component R? 4k7
Added Member To Class: ClassName=MCU_scm Member=Component R? 4k7
Added Member To Class: ClassName=MCU_scm Member=Component R? 47k
Added Member To Class: ClassName=MCU_scm Member=Component R? 4k7
Added Member To Class: ClassName=MCU_scm Member=Component R? 47R
Added Member To Class: ClassName=MCU_scm Member=Component R? 4k7
Added Member To Class: ClassName=MCU_scm Member=Component R? 4k7
Added Member To Class: ClassName=MCU_scm Member=Component SIM Holder SIMCARD6PIN
Added Member To Class: ClassName=MCU_scm Member=Component SW? SW
Added Member To Class: ClassName=MCU_scm Member=Component SW? SW
Added Member To Class: ClassName=MCU_scm Member=Component U STM32F030CCT6
Added Member To Class: ClassName=MCU_scm Member=Component X? 32,768 Khz
Added Member To Class: ClassName=MCU_scm Member=Component X? 8Mhz
Added Room: Name=MCU_scm
Added Room: Name=power_scm
