Removed Pin From Net: NetName=GND Pin=C?-2
Removed Pin From Net: NetName=GND Pin=C?-2
Removed Pin From Net: NetName=GND Pin=C?-2
Removed Pin From Net: NetName=GND Pin=C?-2
Removed Pin From Net: NetName=GND Pin=C?-2
Removed Pin From Net: NetName=GND Pin=C?-2
Removed Pin From Net: NetName=GND Pin=C?-2
Removed Pin From Net: NetName=GND Pin=C?-2
Removed Pin From Net: NetName=GND Pin=C?-2
Removed Pin From Net: NetName=GND Pin=C?-3
Removed Pin From Net: NetName=GND Pin=C?-4
Removed Pin From Net: NetName=GND Pin=C?-5
Removed Pin From Net: NetName=GND Pin=D-2
Removed Pin From Net: NetName=GND Pin=D?-1
Removed Pin From Net: NetName=GND Pin=D?-A
Removed Pin From Net: NetName=GND Pin=D?-A
Removed Pin From Net: NetName=+5 Pin=DHT?-1
Removed Pin From Net: NetName=GND Pin=J?-1
Removed Pin From Net: NetName=GND Pin=LED?-2
Removed Pin From Net: NetName=GND Pin=Q?-1
Removed Pin From Net: NetName=+5 Pin=R?-1
Removed Pin From Net: NetName=GND Pin=R?-2
Removed Pin From Net: NetName=GND Pin=R?-2
Removed Pin From Net: NetName=GND Pin=SIM Holder-4
Removed Pin From Net: NetName=GND Pin=SW?-2
Removed Pin From Net: NetName=GND Pin=U-1
Removed Pin From Net: NetName=PWRKEY Pin=U-1
Removed Pin From Net: NetName=GND Pin=U-2
Removed Pin From Net: NetName=SIM_TXD Pin=U-9
Removed Pin From Net: NetName=SIM_RXD Pin=U-10
Removed Pin From Net: NetName=GND Pin=U-17
Removed Pin From Net: NetName=GND Pin=U-18
Removed Pin From Net: NetName=GND Pin=U-29
Removed Pin From Net: NetName=CA5 Pin=U-30
Removed Pin From Net: NetName=CA1 Pin=U-31
Removed Pin From Net: NetName=CA3 Pin=U-32
Removed Pin From Net: NetName=CA4 Pin=U-33
Removed Pin From Net: NetName=GND Pin=U-39
Removed Pin From Net: NetName=GND Pin=U-45
Removed Pin From Net: NetName=GND Pin=U-46
Removed Pin From Net: NetName=NETLIGHT Pin=U-52
Removed Pin From Net: NetName=GND Pin=U-54
Removed Pin From Net: NetName=VGSM Pin=U-55
Removed Pin From Net: NetName=VGSM Pin=U-56
Removed Pin From Net: NetName=VGSM Pin=U-57
Removed Pin From Net: NetName=GND Pin=U-58
Removed Pin From Net: NetName=GND Pin=U-59
Removed Pin From Net: NetName=GSM_ANT Pin=U-60
Removed Pin From Net: NetName=GND Pin=U-61
Removed Pin From Net: NetName=GND Pin=U-62
Removed Pin From Net: NetName=GND Pin=U-63
Removed Pin From Net: NetName=GND Pin=U-64
Removed Pin From Net: NetName=GND Pin=U-65
Removed Pin From Net: NetName=STATUS Pin=U-66
Removed Pin From Net: NetName=GND Pin=U?-3
Removed Pin From Net: NetName=GND Pin=U?-5
Removed Member From Class: ClassName=power_scm Member=LED?
Removed Member From Class: ClassName=power_scm Member=R?
Change Component Designator: OldDesignator=C? NewDesignator=C1
Change Component Designator: OldDesignator=C? NewDesignator=C2
Change Component Designator: OldDesignator=C? NewDesignator=C3
Change Component Designator: OldDesignator=C? NewDesignator=C4
Change Component Designator: OldDesignator=C? NewDesignator=C5
Change Component Designator: OldDesignator=C? NewDesignator=C6
Change Component Designator: OldDesignator=C? NewDesignator=C7
Change Component Designator: OldDesignator=C? NewDesignator=C8
Change Component Designator: OldDesignator=C? NewDesignator=C11
Change Component Designator: OldDesignator=C? NewDesignator=C12
Change Component Designator: OldDesignator=C? NewDesignator=C13
Change Component Designator: OldDesignator=C? NewDesignator=C14
Change Component Designator: OldDesignator=C? NewDesignator=C15
Change Component Designator: OldDesignator=C? NewDesignator=C16
Change Component Designator: OldDesignator=C? NewDesignator=C17
Change Component Designator: OldDesignator=C? NewDesignator=C18
Change Component Designator: OldDesignator=C? NewDesignator=C19
Change Component Designator: OldDesignator=C? NewDesignator=C20
Change Component Designator: OldDesignator=C? NewDesignator=C21
Change Component Designator: OldDesignator=D? NewDesignator=D1
Change Component Designator: OldDesignator=D? NewDesignator=D2
Change Component Designator: OldDesignator=D? NewDesignator=D3
Change Component Designator: OldDesignator=D? NewDesignator=D4
Change Component Designator: OldDesignator=DHT? NewDesignator=DHT1
Change Component Designator: OldDesignator=F? NewDesignator=F1
Change Component Designator: OldDesignator=J? NewDesignator=J1
Change Component Designator: OldDesignator=L? NewDesignator=L1
Change Component Designator: OldDesignator=LED? NewDesignator=LED1
Change Component Designator: OldDesignator=LED? NewDesignator=LED2
Change Component Designator: OldDesignator=LED? NewDesignator=LED3
Change Component Designator: OldDesignator=P? NewDesignator=P1
Change Component Designator: OldDesignator=P? NewDesignator=P2
Change Component Designator: OldDesignator=P? NewDesignator=P3
Change Component Designator: OldDesignator=P? NewDesignator=P4
Change Component Designator: OldDesignator=P? NewDesignator=P5
Change Component Designator: OldDesignator=P? NewDesignator=P6
Change Component Designator: OldDesignator=Q? NewDesignator=Q1
Change Component Designator: OldDesignator=R? NewDesignator=R1
Change Component Designator: OldDesignator=R? NewDesignator=R2
Change Component Designator: OldDesignator=R? NewDesignator=R3
Change Component Designator: OldDesignator=R? NewDesignator=R6
Change Component Designator: OldDesignator=R? NewDesignator=R9
Change Component Designator: OldDesignator=R? NewDesignator=R10
Change Component Designator: OldDesignator=R? NewDesignator=R11
Change Component Designator: OldDesignator=R? NewDesignator=R12
Change Component Designator: OldDesignator=R? NewDesignator=R13
Change Component Designator: OldDesignator=R? NewDesignator=R14
Change Component Designator: OldDesignator=R? NewDesignator=R15
Change Component Designator: OldDesignator=R? NewDesignator=R16
Change Component Designator: OldDesignator=SW? NewDesignator=SW1
Change Component Designator: OldDesignator=SW? NewDesignator=SW2
Change Component Designator: OldDesignator=U NewDesignator=U3
Change Component Designator: OldDesignator=U? NewDesignator=U1
Change Component Designator: OldDesignator=X? NewDesignator=X1
Change Component Designator: OldDesignator=X? NewDesignator=X2
Added Component: Designator=C9(SM-0805)
Add component (AddParameter): Name = "Value"; Value = "103"; VariantName = "[No Variations]"
Added Component: Designator=C10(SM-0805)
Add component (AddParameter): Name = "Value"; Value = "103"; VariantName = "[No Variations]"
Added Component: Designator=C?(SM-0805)
Add component (AddParameter): Name = "Value"; Value = "103"; VariantName = "[No Variations]"
Added Component: Designator=R4(R-0805)
Add component (AddParameter): Name = "value"; Value = "1k"; VariantName = "[No Variations]"
Added Component: Designator=R5(R-0805)
Add component (AddParameter): Name = "value"; Value = "1k"; VariantName = "[No Variations]"
Added Component: Designator=R7(R-0805)
Add component (AddParameter): Name = "value"; Value = "1k"; VariantName = "[No Variations]"
Added Component: Designator=R8(R-0805)
Add component (AddParameter): Name = "value"; Value = "1k"; VariantName = "[No Variations]"
Added Component: Designator=R17(R-0805)
Add component (AddParameter): Name = "value"; Value = "1k"; VariantName = "[No Variations]"
Added Component: Designator=U2(SIM900)
Added Pin To Net: NetName=GND Pin=C?-1
Added Pin To Net: NetName=GND Pin=C?-2
Added Pin To Net: NetName=VGSM Pin=D2-2
Added Pin To Net: NetName=VGSM Pin=D3-C
Added Pin To Net: NetName=VGSM Pin=D4-C
Added Pin To Net: NetName=3V3 Pin=DHT1-1
Added Pin To Net: NetName=3V3 Pin=P1-4
Added Pin To Net: NetName=GSM_ANT Pin=R5-1
Added Pin To Net: NetName=SIM_RXD Pin=R7-2
Added Pin To Net: NetName=SIM_TXD Pin=R8-2
Added Pin To Net: NetName=3V3 Pin=R13-1
Added Pin To Net: NetName=VGSM Pin=R17-1
Added Pin To Net: NetName=PWRKEY Pin=U2-1
Added Pin To Net: NetName=CA5 Pin=U2-30
Added Pin To Net: NetName=CA1 Pin=U2-31
Added Pin To Net: NetName=CA3 Pin=U2-32
Added Pin To Net: NetName=CA4 Pin=U2-33
Added Pin To Net: NetName=NETLIGHT Pin=U2-52
Added Pin To Net: NetName=VGSM Pin=U2-55
Added Pin To Net: NetName=VGSM Pin=U2-56
Added Pin To Net: NetName=VGSM Pin=U2-57
Added Pin To Net: NetName=STATUS Pin=U2-66
Change Net Name : Old Net Name=GND New Net Name=GND_MCU
Change Net Name : Old Net Name=NetC?_1 New Net Name=NetC4_1
Change Net Name : Old Net Name=NetD?_1 New Net Name=NetD2_1
Change Net Name : Old Net Name=NetD?_2 New Net Name=NetD1_2
Change Net Name : Old Net Name=NetF?_1 New Net Name=NetF1_1
Change Net Name : Old Net Name=NetLED?_1 New Net Name=NetLED2_1
Change Net Name : Old Net Name=NetLED?_2 New Net Name=NetLED3_2
Change Net Name : Old Net Name=NetQ?_2 New Net Name=NetQ1_2
Change Net Name : Old Net Name=NetQ?_3 New Net Name=NetQ1_3
Change Net Name : Old Net Name=NetR?_1 New Net Name=NetR6_1
Added Pin To Net: NetName=GND_SIM Pin=C9-1
Added Pin To Net: NetName=GND_SIM Pin=C10-1
Added Pin To Net: NetName=GND_SIM Pin=C14-2
Added Pin To Net: NetName=GND_SIM Pin=C15-2
Added Pin To Net: NetName=GND_SIM Pin=C21-2
Added Pin To Net: NetName=GND_SIM Pin=C21-3
Added Pin To Net: NetName=GND_SIM Pin=C21-4
Added Pin To Net: NetName=GND_SIM Pin=C21-5
Added Pin To Net: NetName=GND_SIM Pin=D-2
Added Pin To Net: NetName=GND_SIM Pin=LED2-2
Added Pin To Net: NetName=GND_SIM Pin=Q1-1
Added Pin To Net: NetName=GND_SIM Pin=R14-2
Added Pin To Net: NetName=GND_SIM Pin=SIM Holder-4
Added Pin To Net: NetName=GND_SIM Pin=SW2-2
Added Pin To Net: NetName=GND_SIM Pin=U2-17
Added Pin To Net: NetName=GND_SIM Pin=U2-18
Added Pin To Net: NetName=GND_SIM Pin=U2-29
Added Pin To Net: NetName=GND_SIM Pin=U2-39
Added Pin To Net: NetName=GND_SIM Pin=U2-45
Added Pin To Net: NetName=GND_SIM Pin=U2-46
Added Pin To Net: NetName=GND_SIM Pin=U2-53
Added Pin To Net: NetName=GND_SIM Pin=U2-54
Added Pin To Net: NetName=GND_SIM Pin=U2-58
Added Pin To Net: NetName=GND_SIM Pin=U2-59
Added Pin To Net: NetName=GND_SIM Pin=U2-61
Added Pin To Net: NetName=GND_SIM Pin=U2-62
Added Pin To Net: NetName=GND_SIM Pin=U2-63
Added Pin To Net: NetName=GND_SIM Pin=U2-64
Added Pin To Net: NetName=GND_SIM Pin=U2-65
Added Net: Name=GND_SIM
Added Pin To Net: NetName=GND Pin=C1-2
Added Pin To Net: NetName=GND Pin=C2-2
Added Pin To Net: NetName=GND Pin=C3-2
Added Pin To Net: NetName=GND Pin=C4-2
Added Pin To Net: NetName=GND Pin=C5-2
Added Pin To Net: NetName=GND Pin=C6-2
Added Pin To Net: NetName=GND Pin=D1-1
Added Pin To Net: NetName=GND Pin=D3-A
Added Pin To Net: NetName=GND Pin=D4-A
Added Pin To Net: NetName=GND Pin=J1-1
Added Pin To Net: NetName=GND Pin=R2-2
Added Pin To Net: NetName=GND Pin=U-1
Added Pin To Net: NetName=GND Pin=U1-3
Added Pin To Net: NetName=GND Pin=U1-5
Added Net: Name=GND
Added Pin To Net: NetName=NetC9_2 Pin=C9-2
Added Pin To Net: NetName=NetC9_2 Pin=R4-2
Added Pin To Net: NetName=NetC9_2 Pin=U2-60
Added Net: Name=NetC9_2
Added Pin To Net: NetName=NetC10_2 Pin=C10-2
Added Pin To Net: NetName=NetC10_2 Pin=R4-1
Added Pin To Net: NetName=NetC10_2 Pin=R5-2
Added Net: Name=NetC10_2
Added Pin To Net: NetName=NetLED1_2 Pin=LED1-2
Added Pin To Net: NetName=NetLED1_2 Pin=R2-1
Added Net: Name=NetLED1_2
Added Pin To Net: NetName=NetR7_1 Pin=R7-1
Added Pin To Net: NetName=NetR7_1 Pin=U2-9
Added Net: Name=NetR7_1
Added Pin To Net: NetName=NetR8_1 Pin=R8-1
Added Pin To Net: NetName=NetR8_1 Pin=U2-10
Added Net: Name=NetR8_1
Added Pin To Net: NetName=NetR17_2 Pin=R17-2
Added Pin To Net: NetName=NetR17_2 Pin=U2-16
Added Net: Name=NetR17_2
Added Member To Class: ClassName=power_scm Member=Component C1 100uH/25V
Added Member To Class: ClassName=power_scm Member=Component C2 104
Added Member To Class: ClassName=power_scm Member=Component C3 470uf/16V
Added Member To Class: ClassName=power_scm Member=Component C4 103
Added Member To Class: ClassName=power_scm Member=Component C5 103
Added Member To Class: ClassName=power_scm Member=Component C6 100uH/16V
Added Member To Class: ClassName=MCU_scm Member=Component C7 22pF
Added Member To Class: ClassName=MCU_scm Member=Component C8 22pF
Added Member To Class: ClassName=MCU_scm Member=Component C9 104
Added Member To Class: ClassName=MCU_scm Member=Component C10 104
Added Member To Class: ClassName=MCU_scm Member=Component C11 22pF
Added Member To Class: ClassName=MCU_scm Member=Component C12 22pF
Added Member To Class: ClassName=MCU_scm Member=Component C13 104
Added Member To Class: ClassName=MCU_scm Member=Component C14 104
Added Member To Class: ClassName=MCU_scm Member=Component C15 22pF
Added Member To Class: ClassName=MCU_scm Member=Component C16 104
Added Member To Class: ClassName=MCU_scm Member=Component C18 475
Added Member To Class: ClassName=MCU_scm Member=Component C19 103
Added Member To Class: ClassName=MCU_scm Member=Component C20 105
Added Member To Class: ClassName=MCU_scm Member=Component C21 210111003
Added Member To Class: ClassName=power_scm Member=Component D2
Added Member To Class: ClassName=power_scm Member=Component D3 TZM4V3
Added Member To Class: ClassName=power_scm Member=Component D4 TZM4V3
Added Member To Class: ClassName=power_scm Member=Component LED1 LED
Added Member To Class: ClassName=MCU_scm Member=Component LED3 LED
Added Member To Class: ClassName=MCU_scm Member=Component P2 soil_moisture_ss
Added Member To Class: ClassName=MCU_scm Member=Component P3 ADXL345_p1_ss
Added Member To Class: ClassName=MCU_scm Member=Component P4 ADXL345_p2_ss
Added Member To Class: ClassName=MCU_scm Member=Component P5 RainGauge_ss
Added Member To Class: ClassName=MCU_scm Member=Component P6 SSD1306
Added Member To Class: ClassName=power_scm Member=Component R1 0R
Added Member To Class: ClassName=power_scm Member=Component R2 100R
Added Member To Class: ClassName=power_scm Member=Component R3 0R
Added Member To Class: ClassName=MCU_scm Member=Component R4 47R
Added Member To Class: ClassName=MCU_scm Member=Component R5 47R
Added Member To Class: ClassName=MCU_scm Member=Component R6 4k7
Added Member To Class: ClassName=MCU_scm Member=Component R7 47R
Added Member To Class: ClassName=MCU_scm Member=Component R8 47R
Added Member To Class: ClassName=MCU_scm Member=Component R9 4k7
Added Member To Class: ClassName=MCU_scm Member=Component R11 4k7
Added Member To Class: ClassName=MCU_scm Member=Component R12 4k7
Added Member To Class: ClassName=MCU_scm Member=Component R13 4k7
Added Member To Class: ClassName=MCU_scm Member=Component R14 47k
Added Member To Class: ClassName=MCU_scm Member=Component R15 4k7
Added Member To Class: ClassName=MCU_scm Member=Component R16 4k7
Added Member To Class: ClassName=MCU_scm Member=Component R17 100k
Added Member To Class: ClassName=MCU_scm Member=Component SW1 SW
Added Member To Class: ClassName=MCU_scm Member=Component U2 SIM900
Added Member To Class: ClassName=MCU_scm Member=Component X2 32,768 Khz
Added Room: Name=MCU_scm
Added Room: Name=power_scm
