Added Component: Designator=C1(SM-0805)
Add component (AddParameter): Name = "Value"; Value = "103"; VariantName = "[No Variations]"
Added Component: Designator=C2(SM-0805)
Add component (AddParameter): Name = "Value"; Value = "103"; VariantName = "[No Variations]"
Added Component: Designator=C3(SM-0805)
Add component (AddParameter): Name = "Value"; Value = "103"; VariantName = "[No Variations]"
Added Component: Designator=C4(CAP-ALU-SMD-6.3x7.7x2.2)
Add component (AddParameter): Name = "LatestRevisionDate"; Value = "17-Jul-2002"; VariantName = "[No Variations]"
Add component (AddParameter): Name = "LatestRevisionNote"; Value = "Re-released for DXP Platform."; VariantName = "[No Variations]"
Add component (AddParameter): Name = "PackageReference"; Value = "POLAR0.8"; VariantName = "[No Variations]"
Add component (AddParameter): Name = "Published"; Value = "8-Jun-2000"; VariantName = "[No Variations]"
Add component (AddParameter): Name = "Publisher"; Value = "Altium Limited"; VariantName = "[No Variations]"
Added Component: Designator=C5(SM-0805)
Add component (AddParameter): Name = "Value"; Value = "103"; VariantName = "[No Variations]"
Added Component: Designator=C6(CAP-ALU-SMD-6.3x7.7x2.2)
Add component (AddParameter): Name = "LatestRevisionDate"; Value = "17-Jul-2002"; VariantName = "[No Variations]"
Add component (AddParameter): Name = "LatestRevisionNote"; Value = "Re-released for DXP Platform."; VariantName = "[No Variations]"
Add component (AddParameter): Name = "PackageReference"; Value = "POLAR0.8"; VariantName = "[No Variations]"
Add component (AddParameter): Name = "Published"; Value = "8-Jun-2000"; VariantName = "[No Variations]"
Add component (AddParameter): Name = "Publisher"; Value = "Altium Limited"; VariantName = "[No Variations]"
Added Component: Designator=C7(SM-0805)
Add component (AddParameter): Name = "Value"; Value = "103"; VariantName = "[No Variations]"
Added Component: Designator=C8(SM-0805)
Add component (AddParameter): Name = "Value"; Value = "103"; VariantName = "[No Variations]"
Added Component: Designator=C9(CAP-ALU-SMD-6.3x7.7x2.2)
Add component (AddParameter): Name = "LatestRevisionDate"; Value = "17-Jul-2002"; VariantName = "[No Variations]"
Add component (AddParameter): Name = "LatestRevisionNote"; Value = "Re-released for DXP Platform."; VariantName = "[No Variations]"
Add component (AddParameter): Name = "PackageReference"; Value = "POLAR0.8"; VariantName = "[No Variations]"
Add component (AddParameter): Name = "Published"; Value = "8-Jun-2000"; VariantName = "[No Variations]"
Add component (AddParameter): Name = "Publisher"; Value = "Altium Limited"; VariantName = "[No Variations]"
Added Component: Designator=C10(SM-0805)
Add component (AddParameter): Name = "Value"; Value = "103"; VariantName = "[No Variations]"
Added Component: Designator=C11(SM-0805)
Add component (AddParameter): Name = "Value"; Value = "103"; VariantName = "[No Variations]"
Added Component: Designator=C12(SM-0805)
Add component (AddParameter): Name = "Value"; Value = "103"; VariantName = "[No Variations]"
Added Component: Designator=C13(SM-0805)
Add component (AddParameter): Name = "Value"; Value = "103"; VariantName = "[No Variations]"
Added Component: Designator=C14(SM-0805)
Add component (AddParameter): Name = "Value"; Value = "103"; VariantName = "[No Variations]"
Added Component: Designator=C15(SM-0805)
Add component (AddParameter): Name = "Value"; Value = "103"; VariantName = "[No Variations]"
Added Component: Designator=C16(SM-0805)
Add component (AddParameter): Name = "Value"; Value = "103"; VariantName = "[No Variations]"
Added Component: Designator=C17(SM-0805)
Add component (AddParameter): Name = "Value"; Value = "103"; VariantName = "[No Variations]"
Added Component: Designator=C18(SM-0805)
Add component (AddParameter): Name = "Value"; Value = "103"; VariantName = "[No Variations]"
Added Component: Designator=C19(SM-0805)
Add component (AddParameter): Name = "Value"; Value = "103"; VariantName = "[No Variations]"
Added Component: Designator=C20(SM-0805)
Add component (AddParameter): Name = "Value"; Value = "103"; VariantName = "[No Variations]"
Added Component: Designator=C21(SM-0805)
Add component (AddParameter): Name = "Value"; Value = "103"; VariantName = "[No Variations]"
Added Component: Designator=C22(SM-0805)
Add component (AddParameter): Name = "Value"; Value = "103"; VariantName = "[No Variations]"
Added Component: Designator=C23(SM-0805)
Add component (AddParameter): Name = "Value"; Value = "103"; VariantName = "[No Variations]"
Added Component: Designator=C24(SMA-RA)
Add component (AddParameter): Name = "ComponentLink1Description"; Value = "Manufacturer"; VariantName = "[No Variations]"
Add component (AddParameter): Name = "ComponentLink1URL"; Value = "http://www.we-online.de"; VariantName = "[No Variations]"
Add component (AddParameter): Name = "ComponentLink2Description"; Value = "Datasheet"; VariantName = "[No Variations]"
Add component (AddParameter): Name = "ComponentLink2URL"; Value = "http://katalog.we-online.de/kataloge/eisos/index.php?language=en&pf=Filter_gerade"; VariantName = "[No Variations]"
Add component (AddParameter): Name = "Created by"; Value = "Christin Zierenner"; VariantName = "[No Variations]"
Add component (AddParameter): Name = "Created Date"; Value = "May 2012"; VariantName = "[No Variations]"
Add component (AddParameter): Name = "Manufacturer"; Value = "Würth Elektronik eiSos GmbH"; VariantName = "[No Variations]"
Add component (AddParameter): Name = "partNo"; Value = "210111003"; VariantName = "[No Variations]"
Added Component: Designator=C25(SM-0805)
Add component (AddParameter): Name = "Value"; Value = "103"; VariantName = "[No Variations]"
Added Component: Designator=C26(SM-0805)
Add component (AddParameter): Name = "Value"; Value = "103"; VariantName = "[No Variations]"
Added Component: Designator=C27(SM-0805)
Add component (AddParameter): Name = "Value"; Value = "103"; VariantName = "[No Variations]"
Added Component: Designator=D1(Diode_SS34)
Added Component: Designator=D2(1N4007_SMD)
Added Component: Designator=D3(DIO_LL4148)
Add component (AddParameter): Name = "Availability"; Value = "Unavailable"; VariantName = "[No Variations]"
Add component (AddParameter): Name = "MF"; Value = "ON Semiconductor"; VariantName = "[No Variations]"
Add component (AddParameter): Name = "MP"; Value = "LL4148"; VariantName = "[No Variations]"
Add component (AddParameter): Name = "Package"; Value = "SOD-80 Taitron"; VariantName = "[No Variations]"
Add component (AddParameter): Name = "Price"; Value = "None"; VariantName = "[No Variations]"
Add component (AddParameter): Name = "SnapEDA_Link"; Value = "https://www.snapeda.com/parts/LL4148/ON%20Semiconductor/view-part/2182678/?ref=snap"; VariantName = "[No Variations]"
Add component (AddParameter): Name = "Value"; Value = ""; VariantName = "[No Variations]"
Added Component: Designator=D4(DIO_LL4148)
Add component (AddParameter): Name = "Availability"; Value = "Unavailable"; VariantName = "[No Variations]"
Add component (AddParameter): Name = "MF"; Value = "ON Semiconductor"; VariantName = "[No Variations]"
Add component (AddParameter): Name = "MP"; Value = "LL4148"; VariantName = "[No Variations]"
Add component (AddParameter): Name = "Package"; Value = "SOD-80 Taitron"; VariantName = "[No Variations]"
Add component (AddParameter): Name = "Price"; Value = "None"; VariantName = "[No Variations]"
Add component (AddParameter): Name = "SnapEDA_Link"; Value = "https://www.snapeda.com/parts/LL4148/ON%20Semiconductor/view-part/2182678/?ref=snap"; VariantName = "[No Variations]"
Add component (AddParameter): Name = "Value"; Value = ""; VariantName = "[No Variations]"
Added Component: Designator=D5(SC70-6)
Add component (AddParameter): Name = "Availability"; Value = "Unavailable"; VariantName = "[No Variations]"
Add component (AddParameter): Name = "MF"; Value = "ON Semiconductor"; VariantName = "[No Variations]"
Add component (AddParameter): Name = "MP"; Value = "SMF05C"; VariantName = "[No Variations]"
Add component (AddParameter): Name = "Package"; Value = "SOT-363 ON Semiconductor"; VariantName = "[No Variations]"
Add component (AddParameter): Name = "Price"; Value = "None"; VariantName = "[No Variations]"
Add component (AddParameter): Name = "SnapEDA_Link"; Value = "https://www.snapeda.com/parts/SMF05C/ON%20Semiconductor/view-part/2782704/?ref=snap"; VariantName = "[No Variations]"
Add component (AddParameter): Name = "Value"; Value = ""; VariantName = "[No Variations]"
Added Component: Designator=F1(FUSE2)
Add component (AddParameter): Name = "Designed by"; Value = "VanDungEvn"; VariantName = "[No Variations]"
Add component (AddParameter): Name = "Value"; Value = "Fuse"; VariantName = "[No Variations]"
Added Component: Designator=J1(KF2-5.08)
Add component (AddParameter): Name = "ComponentLink1 Description"; Value = "Manufacturer"; VariantName = "[No Variations]"
Add component (AddParameter): Name = "ComponentLink1URL"; Value = "http://www.we-online.com"; VariantName = "[No Variations]"
Add component (AddParameter): Name = "ComponentLink2 Description"; Value = "Datasheet"; VariantName = "[No Variations]"
Add component (AddParameter): Name = "ComponentLink2URL"; Value = "http://katalog.we-online.de/em/datasheet/6911031100xx.pdf"; VariantName = "[No Variations]"
Add component (AddParameter): Name = "Created by"; Value = "Karrer Zheng"; VariantName = "[No Variations]"
Add component (AddParameter): Name = "Created Date"; Value = "29 October 2013"; VariantName = "[No Variations]"
Add component (AddParameter): Name = "Manufacturer"; Value = "Würth Elektronik eiSos GmbH"; VariantName = "[No Variations]"
Add component (AddParameter): Name = "NoPins"; Value = "2"; VariantName = "[No Variations]"
Add component (AddParameter): Name = "partNo"; Value = "691103110002"; VariantName = "[No Variations]"
Added Component: Designator=L1(inductor_smd)
Add component (AddParameter): Name = "Published"; Value = "8-Jun-2000"; VariantName = "[No Variations]"
Add component (AddParameter): Name = "Publisher"; Value = "Altium Limited"; VariantName = "[No Variations]"
Add component (AddParameter): Name = "Revision"; Value = "July-2002: Re-released for DXP Platform."; VariantName = "[No Variations]"
Add component (AddParameter): Name = "Value"; Value = "100uH"; VariantName = "[No Variations]"
Added Component: Designator=LED1(LED-0805-Green)
Add component (AddParameter): Name = "Value"; Value = "LED 3 - 5 ly 2 Colour"; VariantName = "[No Variations]"
Added Component: Designator=LED3(LED-0805-Green)
Add component (AddParameter): Name = "Value"; Value = "LED 3 - 5 ly 2 Colour"; VariantName = "[No Variations]"
Added Component: Designator=LED4(LED-0805-Green)
Add component (AddParameter): Name = "Value"; Value = "LED 3 - 5 ly 2 Colour"; VariantName = "[No Variations]"
Added Component: Designator=P1(HDR1X2)
Add component (AddParameter): Name = "LatestRevisionDate"; Value = "17-Jul-2002"; VariantName = "[No Variations]"
Add component (AddParameter): Name = "LatestRevisionNote"; Value = "Re-released for DXP Platform."; VariantName = "[No Variations]"
Add component (AddParameter): Name = "Publisher"; Value = "Altium Limited"; VariantName = "[No Variations]"
Added Component: Designator=P2(HDR1X2)
Add component (AddParameter): Name = "LatestRevisionDate"; Value = "17-Jul-2002"; VariantName = "[No Variations]"
Add component (AddParameter): Name = "LatestRevisionNote"; Value = "Re-released for DXP Platform."; VariantName = "[No Variations]"
Add component (AddParameter): Name = "Publisher"; Value = "Altium Limited"; VariantName = "[No Variations]"
Added Component: Designator=P3(HDR 1X4)
Added Component: Designator=P4(HDR1X4)
Add component (AddParameter): Name = "LatestRevisionDate"; Value = "17-Jul-2002"; VariantName = "[No Variations]"
Add component (AddParameter): Name = "LatestRevisionNote"; Value = "Re-released for DXP Platform."; VariantName = "[No Variations]"
Add component (AddParameter): Name = "Publisher"; Value = "Altium Limited"; VariantName = "[No Variations]"
Added Component: Designator=P5(HDR1X3)
Add component (AddParameter): Name = "LatestRevisionDate"; Value = "17-Jul-2002"; VariantName = "[No Variations]"
Add component (AddParameter): Name = "LatestRevisionNote"; Value = "Re-released for DXP Platform."; VariantName = "[No Variations]"
Add component (AddParameter): Name = "Publisher"; Value = "Altium Limited"; VariantName = "[No Variations]"
Added Component: Designator=P6(HDR1X4)
Add component (AddParameter): Name = "LatestRevisionDate"; Value = "17-Jul-2002"; VariantName = "[No Variations]"
Add component (AddParameter): Name = "LatestRevisionNote"; Value = "Re-released for DXP Platform."; VariantName = "[No Variations]"
Add component (AddParameter): Name = "Publisher"; Value = "Altium Limited"; VariantName = "[No Variations]"
Added Component: Designator=P7(HDR1X4)
Add component (AddParameter): Name = "LatestRevisionDate"; Value = "17-Jul-2002"; VariantName = "[No Variations]"
Add component (AddParameter): Name = "LatestRevisionNote"; Value = "Re-released for DXP Platform."; VariantName = "[No Variations]"
Add component (AddParameter): Name = "Publisher"; Value = "Altium Limited"; VariantName = "[No Variations]"
Added Component: Designator=P8(HDR 1X4)
Added Component: Designator=P9(HDR2X4_CEN)
Add component (AddParameter): Name = "LatestRevisionDate"; Value = "17-Jul-2002"; VariantName = "[No Variations]"
Add component (AddParameter): Name = "LatestRevisionNote"; Value = "Re-released for DXP Platform."; VariantName = "[No Variations]"
Add component (AddParameter): Name = "Publisher"; Value = "Altium Limited"; VariantName = "[No Variations]"
Added Component: Designator=P10(HDR1X2)
Add component (AddParameter): Name = "LatestRevisionDate"; Value = "17-Jul-2002"; VariantName = "[No Variations]"
Add component (AddParameter): Name = "LatestRevisionNote"; Value = "Re-released for DXP Platform."; VariantName = "[No Variations]"
Add component (AddParameter): Name = "Publisher"; Value = "Altium Limited"; VariantName = "[No Variations]"
Added Component: Designator=P11(HDR1X3)
Add component (AddParameter): Name = "LatestRevisionDate"; Value = "17-Jul-2002"; VariantName = "[No Variations]"
Add component (AddParameter): Name = "LatestRevisionNote"; Value = "Re-released for DXP Platform."; VariantName = "[No Variations]"
Add component (AddParameter): Name = "Publisher"; Value = "Altium Limited"; VariantName = "[No Variations]"
Added Component: Designator=Q1(TO92-123)
Add component (AddParameter): Name = "Creat by"; Value = "MT-TECH.VN"; VariantName = "[No Variations]"
Add component (AddParameter): Name = "Value"; Value = "C1815"; VariantName = "[No Variations]"
Added Component: Designator=Q2(TO92-123)
Add component (AddParameter): Name = "Creat by"; Value = "MT-TECH.VN"; VariantName = "[No Variations]"
Add component (AddParameter): Name = "Value"; Value = "C1815"; VariantName = "[No Variations]"
Added Component: Designator=R1(RES-SMD-0805)
Add component (AddParameter): Name = "Class"; Value = "Passive"; VariantName = "[No Variations]"
Add component (AddParameter): Name = "Manufacturer"; Value = "Generic Components"; VariantName = "[No Variations]"
Add component (AddParameter): Name = "Published"; Value = "08/06/2000"; VariantName = "[No Variations]"
Add component (AddParameter): Name = "Publisher"; Value = "Altium Hobart Technology Centre"; VariantName = "[No Variations]"
Added Component: Designator=R2(RES-SMD-0805)
Add component (AddParameter): Name = "Class"; Value = "Passive"; VariantName = "[No Variations]"
Add component (AddParameter): Name = "Manufacturer"; Value = "Generic Components"; VariantName = "[No Variations]"
Add component (AddParameter): Name = "Published"; Value = "08/06/2000"; VariantName = "[No Variations]"
Add component (AddParameter): Name = "Publisher"; Value = "Altium Hobart Technology Centre"; VariantName = "[No Variations]"
Added Component: Designator=R3(RES-SMD-0805)
Add component (AddParameter): Name = "Class"; Value = "Passive"; VariantName = "[No Variations]"
Add component (AddParameter): Name = "Manufacturer"; Value = "Generic Components"; VariantName = "[No Variations]"
Add component (AddParameter): Name = "Published"; Value = "08/06/2000"; VariantName = "[No Variations]"
Add component (AddParameter): Name = "Publisher"; Value = "Altium Hobart Technology Centre"; VariantName = "[No Variations]"
Added Component: Designator=R4(R-0805)
Add component (AddParameter): Name = "value"; Value = "1k"; VariantName = "[No Variations]"
Added Component: Designator=R5(R-0805)
Add component (AddParameter): Name = "value"; Value = "1k"; VariantName = "[No Variations]"
Added Component: Designator=R6(R-0805)
Add component (AddParameter): Name = "value"; Value = "1k"; VariantName = "[No Variations]"
Added Component: Designator=R7(R-0805)
Add component (AddParameter): Name = "value"; Value = "1k"; VariantName = "[No Variations]"
Added Component: Designator=R8(R-0805)
Add component (AddParameter): Name = "value"; Value = "1k"; VariantName = "[No Variations]"
Added Component: Designator=R9(R-0805)
Add component (AddParameter): Name = "value"; Value = "1k"; VariantName = "[No Variations]"
Added Component: Designator=R10(R-0805)
Add component (AddParameter): Name = "value"; Value = "1k"; VariantName = "[No Variations]"
Added Component: Designator=R11(R-0805)
Add component (AddParameter): Name = "value"; Value = "1k"; VariantName = "[No Variations]"
Added Component: Designator=R12(R-0805)
Add component (AddParameter): Name = "value"; Value = "1k"; VariantName = "[No Variations]"
Added Component: Designator=R13(R-0805)
Add component (AddParameter): Name = "value"; Value = "1k"; VariantName = "[No Variations]"
Added Component: Designator=R14(R-0805)
Add component (AddParameter): Name = "value"; Value = "1k"; VariantName = "[No Variations]"
Added Component: Designator=R15(R-0805)
Add component (AddParameter): Name = "value"; Value = "1k"; VariantName = "[No Variations]"
Added Component: Designator=R16(R-0805)
Add component (AddParameter): Name = "value"; Value = "1k"; VariantName = "[No Variations]"
Added Component: Designator=R17(R-0805)
Add component (AddParameter): Name = "value"; Value = "1k"; VariantName = "[No Variations]"
Added Component: Designator=R18(R-0805)
Add component (AddParameter): Name = "value"; Value = "1k"; VariantName = "[No Variations]"
Added Component: Designator=R19(R-0805)
Add component (AddParameter): Name = "value"; Value = "1k"; VariantName = "[No Variations]"
Added Component: Designator=R20(R-0805)
Add component (AddParameter): Name = "value"; Value = "1k"; VariantName = "[No Variations]"
Added Component: Designator=SIM Holder1(SIMCARD6pin)
Added Component: Designator=SW1(SW1-SMD)
Add component (AddParameter): Name = "Value"; Value = "SW chip 2 pin"; VariantName = "[No Variations]"
Added Component: Designator=SW2(SW1-SMD)
Add component (AddParameter): Name = "Value"; Value = "SW chip 2 pin"; VariantName = "[No Variations]"
Added Component: Designator=SW3(SW1-SMD)
Add component (AddParameter): Name = "Value"; Value = "SW chip 2 pin"; VariantName = "[No Variations]"
Added Component: Designator=U1(TO263)
Add component (AddParameter): Name = "Category"; Value = "IC-Power"; VariantName = "[No Variations]"
Add component (AddParameter): Name = "Max Input Voltage"; Value = "12 V"; VariantName = "[No Variations]"
Add component (AddParameter): Name = "Max Output Current"; Value = "3 (6.0 peak) A"; VariantName = "[No Variations]"
Add component (AddParameter): Name = "Max Output Voltage"; Value = "mV"; VariantName = "[No Variations]"
Add component (AddParameter): Name = "Min Input Voltage"; Value = "mV"; VariantName = "[No Variations]"
Add component (AddParameter): Name = "Min Output Voltage"; Value = "mV"; VariantName = "[No Variations]"
Add component (AddParameter): Name = "Mounting Technology"; Value = "Surface Mount"; VariantName = "[No Variations]"
Add component (AddParameter): Name = "PowerICTypes"; Value = ""; VariantName = "[No Variations]"
Add component (AddParameter): Name = "Status"; Value = "Unreleased"; VariantName = "[No Variations]"
Add component (AddParameter): Name = "Supply Voltage"; Value = "mV"; VariantName = "[No Variations]"
Add component (AddParameter): Name = "Temperature Range"; Value = "-40 to +125 degC"; VariantName = "[No Variations]"
Added Component: Designator=U2(SOT229P700X180-4N)
Add component (AddParameter): Name = "Availability"; Value = "Unavailable"; VariantName = "[No Variations]"
Add component (AddParameter): Name = "MF"; Value = "Advanced Monolithic Systems"; VariantName = "[No Variations]"
Add component (AddParameter): Name = "MP"; Value = "AMS1117-3.3"; VariantName = "[No Variations]"
Add component (AddParameter): Name = "Package"; Value = "None"; VariantName = "[No Variations]"
Add component (AddParameter): Name = "Price"; Value = "None"; VariantName = "[No Variations]"
Add component (AddParameter): Name = "SnapEDA_Link"; Value = "https://www.snapeda.com/parts/AMS1117-3.3/Advanced%20Monolithic%20Systems/view-part/53450/?ref=snap"; VariantName = "[No Variations]"
Add component (AddParameter): Name = "Value"; Value = ""; VariantName = "[No Variations]"
Added Component: Designator=U3(QFP50P900X900X160-48N)
Add component (AddParameter): Name = "Digi-Key_Part_Number"; Value = "497-17332-2-ND"; VariantName = "[No Variations]"
Add component (AddParameter): Name = "Digi-Key_Purchase_URL"; Value = "https://www.digikey.com.ar/product-detail/en/stmicroelectronics/STM32F030CCT6TR/497-17332-2-ND/6833532?utm_source=snapeda&utm_medium=aggregator&utm_campaign=symbol"; VariantName = "[No Variations]"
Add component (AddParameter): Name = "MF"; Value = "STMicroelectronics"; VariantName = "[No Variations]"
Add component (AddParameter): Name = "MP"; Value = "STM32F030CCT6"; VariantName = "[No Variations]"
Add component (AddParameter): Name = "Package"; Value = "LQFP-48 STMicroelectronics"; VariantName = "[No Variations]"
Add component (AddParameter): Name = "SnapEDA_Link"; Value = "https://www.snapeda.com/parts/STM32F030CCT6/STMicroelectronics/view-part/447161/?ref=snap"; VariantName = "[No Variations]"
Add component (AddParameter): Name = "Value"; Value = ""; VariantName = "[No Variations]"
Added Component: Designator=U4(SIM900)
Added Component: Designator=X1(XT2)
Add component (AddParameter): Name = "Value"; Value = "4Mhz"; VariantName = "[No Variations]"
Added Component: Designator=X2(XT32k)
Add component (AddParameter): Name = "Value"; Value = "32,768khz"; VariantName = "[No Variations]"
Added Pin To Net: NetName=+3V3 Pin=C8-1
Added Pin To Net: NetName=+3V3 Pin=C19-2
Added Pin To Net: NetName=+3V3 Pin=C20-2
Added Pin To Net: NetName=+3V3 Pin=C21-2
Added Pin To Net: NetName=+3V3 Pin=C22-2
Added Pin To Net: NetName=+3V3 Pin=C23-2
Added Pin To Net: NetName=+3V3 Pin=LED1-1
Added Pin To Net: NetName=+3V3 Pin=P2-1
Added Pin To Net: NetName=+3V3 Pin=P3-4
Added Pin To Net: NetName=+3V3 Pin=P4-3
Added Pin To Net: NetName=+3V3 Pin=P6-3
Added Pin To Net: NetName=+3V3 Pin=P7-2
Added Pin To Net: NetName=+3V3 Pin=P8-2
Added Pin To Net: NetName=+3V3 Pin=P9-4
Added Pin To Net: NetName=+3V3 Pin=P10-1
Added Pin To Net: NetName=+3V3 Pin=R10-2
Added Pin To Net: NetName=+3V3 Pin=R19-1
Added Pin To Net: NetName=+3V3 Pin=R20-1
Added Pin To Net: NetName=+3V3 Pin=U2-2
Added Pin To Net: NetName=+3V3 Pin=U3-1
Added Pin To Net: NetName=+3V3 Pin=U3-9
Added Pin To Net: NetName=+3V3 Pin=U3-24
Added Pin To Net: NetName=+3V3 Pin=U3-36
Added Pin To Net: NetName=+3V3 Pin=U3-48
Added Net: Name=+3V3
Added Pin To Net: NetName=+5 Pin=C6-1
Added Pin To Net: NetName=+5 Pin=L1-2
Added Pin To Net: NetName=+5 Pin=P1-1
Added Pin To Net: NetName=+5 Pin=R1-1
Added Pin To Net: NetName=+5 Pin=R3-1
Added Pin To Net: NetName=+5 Pin=U1-4
Added Net: Name=+5
Added Pin To Net: NetName=GND_MCU Pin=C1-2
Added Pin To Net: NetName=GND_MCU Pin=C2-2
Added Pin To Net: NetName=GND_MCU Pin=C3-2
Added Pin To Net: NetName=GND_MCU Pin=C10-1
Added Pin To Net: NetName=GND_MCU Pin=C11-1
Added Pin To Net: NetName=GND_MCU Pin=C14-1
Added Pin To Net: NetName=GND_MCU Pin=C15-1
Added Pin To Net: NetName=GND_MCU Pin=C16-2
Added Pin To Net: NetName=GND_MCU Pin=C19-1
Added Pin To Net: NetName=GND_MCU Pin=C20-1
Added Pin To Net: NetName=GND_MCU Pin=C21-1
Added Pin To Net: NetName=GND_MCU Pin=C22-1
Added Pin To Net: NetName=GND_MCU Pin=C23-1
Added Pin To Net: NetName=GND_MCU Pin=C25-2
Added Pin To Net: NetName=GND_MCU Pin=C26-2
Added Pin To Net: NetName=GND_MCU Pin=C27-2
Added Pin To Net: NetName=GND_MCU Pin=P3-1
Added Pin To Net: NetName=GND_MCU Pin=P4-4
Added Pin To Net: NetName=GND_MCU Pin=P5-1
Added Pin To Net: NetName=GND_MCU Pin=P6-4
Added Pin To Net: NetName=GND_MCU Pin=P7-1
Added Pin To Net: NetName=GND_MCU Pin=P8-1
Added Pin To Net: NetName=GND_MCU Pin=P9-8
Added Pin To Net: NetName=GND_MCU Pin=P10-2
Added Pin To Net: NetName=GND_MCU Pin=R6-2
Added Pin To Net: NetName=GND_MCU Pin=SW1-2
Added Pin To Net: NetName=GND_MCU Pin=U3-8
Added Pin To Net: NetName=GND_MCU Pin=U3-23
Added Pin To Net: NetName=GND_MCU Pin=U3-35
Added Pin To Net: NetName=GND_MCU Pin=U3-47
Added Net: Name=GND_MCU
Added Pin To Net: NetName=GND_SIM Pin=C12-1
Added Pin To Net: NetName=GND_SIM Pin=C13-1
Added Pin To Net: NetName=GND_SIM Pin=C17-2
Added Pin To Net: NetName=GND_SIM Pin=C18-2
Added Pin To Net: NetName=GND_SIM Pin=C24-2
Added Pin To Net: NetName=GND_SIM Pin=C24-3
Added Pin To Net: NetName=GND_SIM Pin=C24-4
Added Pin To Net: NetName=GND_SIM Pin=C24-5
Added Pin To Net: NetName=GND_SIM Pin=C25-1
Added Pin To Net: NetName=GND_SIM Pin=C26-1
Added Pin To Net: NetName=GND_SIM Pin=C27-1
Added Pin To Net: NetName=GND_SIM Pin=D5-2
Added Pin To Net: NetName=GND_SIM Pin=LED3-2
Added Pin To Net: NetName=GND_SIM Pin=Q1-1
Added Pin To Net: NetName=GND_SIM Pin=Q2-1
Added Pin To Net: NetName=GND_SIM Pin=R17-2
Added Pin To Net: NetName=GND_SIM Pin=R18-2
Added Pin To Net: NetName=GND_SIM Pin=SIM Holder1-4
Added Pin To Net: NetName=GND_SIM Pin=SW2-2
Added Pin To Net: NetName=GND_SIM Pin=SW3-1
Added Pin To Net: NetName=GND_SIM Pin=U4-17
Added Pin To Net: NetName=GND_SIM Pin=U4-18
Added Pin To Net: NetName=GND_SIM Pin=U4-29
Added Pin To Net: NetName=GND_SIM Pin=U4-39
Added Pin To Net: NetName=GND_SIM Pin=U4-45
Added Pin To Net: NetName=GND_SIM Pin=U4-46
Added Pin To Net: NetName=GND_SIM Pin=U4-53
Added Pin To Net: NetName=GND_SIM Pin=U4-54
Added Pin To Net: NetName=GND_SIM Pin=U4-58
Added Pin To Net: NetName=GND_SIM Pin=U4-59
Added Pin To Net: NetName=GND_SIM Pin=U4-61
Added Pin To Net: NetName=GND_SIM Pin=U4-62
Added Pin To Net: NetName=GND_SIM Pin=U4-63
Added Pin To Net: NetName=GND_SIM Pin=U4-64
Added Pin To Net: NetName=GND_SIM Pin=U4-65
Added Net: Name=GND_SIM
Added Pin To Net: NetName=GND Pin=C1-1
Added Pin To Net: NetName=GND Pin=C2-1
Added Pin To Net: NetName=GND Pin=C3-1
Added Pin To Net: NetName=GND Pin=C4-2
Added Pin To Net: NetName=GND Pin=C5-2
Added Pin To Net: NetName=GND Pin=C6-2
Added Pin To Net: NetName=GND Pin=C7-2
Added Pin To Net: NetName=GND Pin=C8-2
Added Pin To Net: NetName=GND Pin=C9-2
Added Pin To Net: NetName=GND Pin=D1-1
Added Pin To Net: NetName=GND Pin=D3-A
Added Pin To Net: NetName=GND Pin=D4-A
Added Pin To Net: NetName=GND Pin=J1-1
Added Pin To Net: NetName=GND Pin=P1-2
Added Pin To Net: NetName=GND Pin=P2-2
Added Pin To Net: NetName=GND Pin=R2-2
Added Pin To Net: NetName=GND Pin=U1-3
Added Pin To Net: NetName=GND Pin=U1-5
Added Pin To Net: NetName=GND Pin=U2-1
Added Net: Name=GND
Added Pin To Net: NetName=GSM_ANT Pin=C24-1
Added Pin To Net: NetName=GSM_ANT Pin=R4-1
Added Net: Name=GSM_ANT
Added Pin To Net: NetName=LORA_DIO0 Pin=P9-1
Added Pin To Net: NetName=LORA_DIO0 Pin=U3-20
Added Net: Name=LORA_DIO0
Added Pin To Net: NetName=LORA_MISO Pin=P9-5
Added Pin To Net: NetName=LORA_MISO Pin=U3-16
Added Net: Name=LORA_MISO
Added Pin To Net: NetName=LORA_MOSI Pin=P9-2
Added Pin To Net: NetName=LORA_MOSI Pin=U3-17
Added Net: Name=LORA_MOSI
Added Pin To Net: NetName=LORA_NSS Pin=P9-3
Added Pin To Net: NetName=LORA_NSS Pin=U3-18
Added Net: Name=LORA_NSS
Added Pin To Net: NetName=LORA_RST Pin=P9-7
Added Pin To Net: NetName=LORA_RST Pin=U3-19
Added Net: Name=LORA_RST
Added Pin To Net: NetName=LORA_SCK Pin=P9-6
Added Pin To Net: NetName=LORA_SCK Pin=U3-15
Added Net: Name=LORA_SCK
Added Pin To Net: NetName=MCU_PB3 Pin=P11-1
Added Pin To Net: NetName=MCU_PB3 Pin=U3-39
Added Net: Name=MCU_PB3
Added Pin To Net: NetName=MCU_PB4 Pin=P11-2
Added Pin To Net: NetName=MCU_PB4 Pin=U3-40
Added Net: Name=MCU_PB4
Added Pin To Net: NetName=MCU_PB5 Pin=P11-3
Added Pin To Net: NetName=MCU_PB5 Pin=U3-41
Added Net: Name=MCU_PB5
Added Pin To Net: NetName=MCU_RX1 Pin=P4-1
Added Pin To Net: NetName=MCU_RX1 Pin=U3-43
Added Net: Name=MCU_RX1
Added Pin To Net: NetName=MCU_RX2 Pin=P6-1
Added Pin To Net: NetName=MCU_RX2 Pin=U3-13
Added Net: Name=MCU_RX2
Added Pin To Net: NetName=MCU_SIMPWR Pin=R14-2
Added Pin To Net: NetName=MCU_SIMPWR Pin=SW3-2
Added Pin To Net: NetName=MCU_SIMPWR Pin=U3-29
Added Net: Name=MCU_SIMPWR
Added Pin To Net: NetName=MCU_TX1 Pin=P4-2
Added Pin To Net: NetName=MCU_TX1 Pin=U3-42
Added Net: Name=MCU_TX1
Added Pin To Net: NetName=MCU_TX2 Pin=P6-2
Added Pin To Net: NetName=MCU_TX2 Pin=U3-12
Added Net: Name=MCU_TX2
Added Pin To Net: NetName=NetC7_1 Pin=C7-1
Added Pin To Net: NetName=NetC7_1 Pin=C9-1
Added Pin To Net: NetName=NetC7_1 Pin=R1-2
Added Pin To Net: NetName=NetC7_1 Pin=U2-3
Added Net: Name=NetC7_1
Added Pin To Net: NetName=NetC12_2 Pin=C12-2
Added Pin To Net: NetName=NetC12_2 Pin=R4-2
Added Pin To Net: NetName=NetC12_2 Pin=R5-1
Added Net: Name=NetC12_2
Added Pin To Net: NetName=NetC13_2 Pin=C13-2
Added Pin To Net: NetName=NetC13_2 Pin=R5-2
Added Pin To Net: NetName=NetC13_2 Pin=U4-60
Added Net: Name=NetC13_2
Added Pin To Net: NetName=NetD1_2 Pin=D1-2
Added Pin To Net: NetName=NetD1_2 Pin=L1-1
Added Pin To Net: NetName=NetD1_2 Pin=U1-2
Added Net: Name=NetD1_2
Added Pin To Net: NetName=NetD2_1 Pin=D2-1
Added Pin To Net: NetName=NetD2_1 Pin=R3-2
Added Net: Name=NetD2_1
Added Pin To Net: NetName=NetF1_1 Pin=F1-1
Added Pin To Net: NetName=NetF1_1 Pin=F1-1
Added Pin To Net: NetName=NetF1_1 Pin=J1-2
Added Net: Name=NetF1_1
Added Pin To Net: NetName=NetLED1_2 Pin=LED1-2
Added Pin To Net: NetName=NetLED1_2 Pin=R2-1
Added Net: Name=NetLED1_2
Added Pin To Net: NetName=NetLED2_1 Pin=R7-1
Added Net: Name=NetLED2_1
Added Pin To Net: NetName=NetLED3_1 Pin=LED3-1
Added Pin To Net: NetName=NetLED3_1 Pin=R12-1
Added Net: Name=NetLED3_1
Added Pin To Net: NetName=NetLED4_2 Pin=LED4-2
Added Pin To Net: NetName=NetLED4_2 Pin=R15-2
Added Net: Name=NetLED4_2
Added Pin To Net: NetName=NETLIGHT Pin=R16-2
Added Pin To Net: NetName=NETLIGHT Pin=U4-52
Added Net: Name=NETLIGHT
Added Pin To Net: NetName=NetQ1_2 Pin=Q1-2
Added Pin To Net: NetName=NetQ1_2 Pin=R16-1
Added Pin To Net: NetName=NetQ1_2 Pin=R17-1
Added Net: Name=NetQ1_2
Added Pin To Net: NetName=NetQ1_3 Pin=Q1-3
Added Pin To Net: NetName=NetQ1_3 Pin=R15-1
Added Net: Name=NetQ1_3
Added Pin To Net: NetName=NetQ2_2 Pin=Q2-2
Added Pin To Net: NetName=NetQ2_2 Pin=R14-1
Added Pin To Net: NetName=NetQ2_2 Pin=R18-1
Added Net: Name=NetQ2_2
Added Pin To Net: NetName=NetQ2_3 Pin=Q2-3
Added Pin To Net: NetName=NetQ2_3 Pin=R13-1
Added Net: Name=NetQ2_3
Added Pin To Net: NetName=NetR6_1 Pin=R6-1
Added Pin To Net: NetName=NetR6_1 Pin=U3-44
Added Net: Name=NetR6_1
Added Pin To Net: NetName=NetR8_1 Pin=R8-1
Added Pin To Net: NetName=NetR8_1 Pin=U4-9
Added Net: Name=NetR8_1
Added Pin To Net: NetName=NetR9_1 Pin=R9-1
Added Pin To Net: NetName=NetR9_1 Pin=U4-10
Added Net: Name=NetR9_1
Added Pin To Net: NetName=NetR11_2 Pin=R11-2
Added Pin To Net: NetName=NetR11_2 Pin=U4-16
Added Net: Name=NetR11_2
Added Pin To Net: NetName=NRST Pin=C16-1
Added Pin To Net: NetName=NRST Pin=R10-1
Added Pin To Net: NetName=NRST Pin=SW1-1
Added Pin To Net: NetName=NRST Pin=U3-7
Added Net: Name=NRST
Added Pin To Net: NetName=OSC32_IN Pin=C14-2
Added Pin To Net: NetName=OSC32_IN Pin=U3-3
Added Pin To Net: NetName=OSC32_IN Pin=X2-2
Added Net: Name=OSC32_IN
Added Pin To Net: NetName=OSC32_OUT Pin=C15-2
Added Pin To Net: NetName=OSC32_OUT Pin=U3-4
Added Pin To Net: NetName=OSC32_OUT Pin=X2-1
Added Net: Name=OSC32_OUT
Added Pin To Net: NetName=OSC_IN Pin=C10-2
Added Pin To Net: NetName=OSC_IN Pin=U3-5
Added Pin To Net: NetName=OSC_IN Pin=X1-2
Added Net: Name=OSC_IN
Added Pin To Net: NetName=OSC_OUT Pin=C11-2
Added Pin To Net: NetName=OSC_OUT Pin=U3-6
Added Pin To Net: NetName=OSC_OUT Pin=X1-1
Added Net: Name=OSC_OUT
Added Pin To Net: NetName=PWRKEY Pin=R13-2
Added Pin To Net: NetName=PWRKEY Pin=U4-1
Added Net: Name=PWRKEY
Added Pin To Net: NetName=SIM_CLK Pin=D5-4
Added Pin To Net: NetName=SIM_CLK Pin=SIM Holder1-3
Added Pin To Net: NetName=SIM_CLK Pin=U4-32
Added Net: Name=SIM_CLK
Added Pin To Net: NetName=SIM_DATA Pin=C17-1
Added Pin To Net: NetName=SIM_DATA Pin=D5-1
Added Pin To Net: NetName=SIM_DATA Pin=SIM Holder1-6
Added Pin To Net: NetName=SIM_DATA Pin=U4-31
Added Net: Name=SIM_DATA
Added Pin To Net: NetName=SIM_nRST Pin=R11-1
Added Pin To Net: NetName=SIM_nRST Pin=SW2-1
Added Pin To Net: NetName=SIM_nRST Pin=U3-32
Added Net: Name=SIM_nRST
Added Pin To Net: NetName=SIM_RST Pin=D5-5
Added Pin To Net: NetName=SIM_RST Pin=SIM Holder1-2
Added Pin To Net: NetName=SIM_RST Pin=U4-33
Added Net: Name=SIM_RST
Added Pin To Net: NetName=SIM_RXD Pin=P5-3
Added Pin To Net: NetName=SIM_RXD Pin=R8-2
Added Pin To Net: NetName=SIM_RXD Pin=U3-31
Added Net: Name=SIM_RXD
Added Pin To Net: NetName=SIM_TXD Pin=P5-2
Added Pin To Net: NetName=SIM_TXD Pin=R9-2
Added Pin To Net: NetName=SIM_TXD Pin=U3-30
Added Net: Name=SIM_TXD
Added Pin To Net: NetName=SIM_VDD Pin=C18-1
Added Pin To Net: NetName=SIM_VDD Pin=D5-6
Added Pin To Net: NetName=SIM_VDD Pin=SIM Holder1-1
Added Pin To Net: NetName=SIM_VDD Pin=U4-30
Added Net: Name=SIM_VDD
Added Pin To Net: NetName=SSD1306_SCL Pin=P7-3
Added Pin To Net: NetName=SSD1306_SCL Pin=P8-3
Added Pin To Net: NetName=SSD1306_SCL Pin=R19-2
Added Pin To Net: NetName=SSD1306_SCL Pin=U3-21
Added Net: Name=SSD1306_SCL
Added Pin To Net: NetName=SSD1306_SDA Pin=P7-4
Added Pin To Net: NetName=SSD1306_SDA Pin=P8-4
Added Pin To Net: NetName=SSD1306_SDA Pin=R20-2
Added Pin To Net: NetName=SSD1306_SDA Pin=U3-22
Added Net: Name=SSD1306_SDA
Added Pin To Net: NetName=STATUS Pin=R12-2
Added Pin To Net: NetName=STATUS Pin=U4-66
Added Net: Name=STATUS
Added Pin To Net: NetName=STM_STATUS Pin=R7-2
Added Pin To Net: NetName=STM_STATUS Pin=U3-25
Added Net: Name=STM_STATUS
Added Pin To Net: NetName=SWCLK Pin=P3-3
Added Pin To Net: NetName=SWCLK Pin=U3-37
Added Net: Name=SWCLK
Added Pin To Net: NetName=SWDIO Pin=P3-2
Added Pin To Net: NetName=SWDIO Pin=U3-34
Added Net: Name=SWDIO
Added Pin To Net: NetName=VGSM Pin=D2-2
Added Pin To Net: NetName=VGSM Pin=D3-C
Added Pin To Net: NetName=VGSM Pin=D4-C
Added Pin To Net: NetName=VGSM Pin=LED4-1
Added Pin To Net: NetName=VGSM Pin=U4-55
Added Pin To Net: NetName=VGSM Pin=U4-56
Added Pin To Net: NetName=VGSM Pin=U4-57
Added Net: Name=VGSM
Added Pin To Net: NetName=Vin Pin=C4-1
Added Pin To Net: NetName=Vin Pin=C5-1
Added Pin To Net: NetName=Vin Pin=F1-2
Added Pin To Net: NetName=Vin Pin=F1-2
Added Pin To Net: NetName=Vin Pin=U1-1
Added Net: Name=Vin
Added Class: Name=mcu_gateway
Added Class: Name=power_gateway
Added Class: Name=50R_ANT
Added Class: Name=POWER
Added Room: Name=mcu_gateway
Added Room: Name=power_gateway
